{"E:\\projects\\js\\svi\\packages\\svi\\src\\commands\\cliOptions.ts": {"path":"E:\\projects\\js\\svi\\packages\\svi\\src\\commands\\cliOptions.ts","statementMap":{"0":{"start":{"line":9,"column":40},"end":{"line":17,"column":null}},"1":{"start":{"line":19,"column":39},"end":{"line":64,"column":null}}},"fnMap":{},"branchMap":{},"s":{"0":1,"1":1},"f":{},"b":{},"meta":{"lastBranch":0,"lastFunction":0,"lastStatement":2,"seen":{"s:9:40:17:Infinity":0,"s:19:39:64:Infinity":1}}}
,"E:\\projects\\js\\svi\\packages\\svi\\src\\commands\\entryPoint.ts": {"path":"E:\\projects\\js\\svi\\packages\\svi\\src\\commands\\entryPoint.ts","statementMap":{"0":{"start":{"line":9,"column":20},"end":{"line":9,"column":null}},"1":{"start":{"line":11,"column":16},"end":{"line":11,"column":null}},"2":{"start":{"line":13,"column":0},"end":{"line":16,"column":null}},"3":{"start":{"line":25,"column":15},"end":{"line":27,"column":null}},"4":{"start":{"line":29,"column":0},"end":{"line":35,"column":null}},"5":{"start":{"line":30,"column":2},"end":{"line":34,"column":null}},"6":{"start":{"line":37,"column":0},"end":{"line":58,"column":null}},"7":{"start":{"line":42,"column":4},"end":{"line":44,"column":null}},"8":{"start":{"line":43,"column":6},"end":{"line":43,"column":null}},"9":{"start":{"line":46,"column":4},"end":{"line":46,"column":null}},"10":{"start":{"line":47,"column":4},"end":{"line":47,"column":null}},"11":{"start":{"line":48,"column":4},"end":{"line":57,"column":null}},"12":{"start":{"line":49,"column":12},"end":{"line":49,"column":null}},"13":{"start":{"line":50,"column":6},"end":{"line":53,"column":null}},"14":{"start":{"line":51,"column":8},"end":{"line":51,"column":null}},"15":{"start":{"line":52,"column":8},"end":{"line":52,"column":null}},"16":{"start":{"line":55,"column":6},"end":{"line":55,"column":null}},"17":{"start":{"line":56,"column":6},"end":{"line":56,"column":null}},"18":{"start":{"line":65,"column":14},"end":{"line":71,"column":null}},"19":{"start":{"line":73,"column":0},"end":{"line":79,"column":null}},"20":{"start":{"line":74,"column":2},"end":{"line":78,"column":null}},"21":{"start":{"line":81,"column":0},"end":{"line":101,"column":null}},"22":{"start":{"line":82,"column":36},"end":{"line":82,"column":null}},"23":{"start":{"line":82,"column":60},"end":{"line":82,"column":73}},"24":{"start":{"line":83,"column":2},"end":{"line":83,"column":null}},"25":{"start":{"line":84,"column":2},"end":{"line":84,"column":null}},"26":{"start":{"line":85,"column":2},"end":{"line":85,"column":null}},"27":{"start":{"line":86,"column":2},"end":{"line":86,"column":null}},"28":{"start":{"line":88,"column":2},"end":{"line":100,"column":null}},"29":{"start":{"line":89,"column":4},"end":{"line":96,"column":null}},"30":{"start":{"line":98,"column":4},"end":{"line":98,"column":null}},"31":{"start":{"line":99,"column":4},"end":{"line":99,"column":null}},"32":{"start":{"line":105,"column":2},"end":{"line":105,"column":null}}},"fnMap":{"0":{"name":"(anonymous_0)","decl":{"start":{"line":41,"column":10},"end":{"line":41,"column":17}},"loc":{"start":{"line":41,"column":55},"end":{"line":58,"column":3}},"line":41},"1":{"name":"(anonymous_1)","decl":{"start":{"line":81,"column":15},"end":{"line":81,"column":22}},"loc":{"start":{"line":81,"column":51},"end":{"line":101,"column":1}},"line":81},"2":{"name":"(anonymous_2)","decl":{"start":{"line":82,"column":51},"end":{"line":82,"column":52}},"loc":{"start":{"line":82,"column":60},"end":{"line":82,"column":73}},"line":82},"3":{"name":"runCli","decl":{"start":{"line":104,"column":22},"end":{"line":104,"column":29}},"loc":{"start":{"line":104,"column":50},"end":{"line":106,"column":null}},"line":104}},"branchMap":{"0":{"loc":{"start":{"line":42,"column":4},"end":{"line":44,"column":null}},"type":"if","locations":[{"start":{"line":42,"column":4},"end":{"line":44,"column":null}},{"start":{},"end":{}}],"line":42},"1":{"loc":{"start":{"line":50,"column":6},"end":{"line":53,"column":null}},"type":"if","locations":[{"start":{"line":50,"column":6},"end":{"line":53,"column":null}},{"start":{},"end":{}}],"line":50},"2":{"loc":{"start":{"line":104,"column":29},"end":{"line":104,"column":50}},"type":"default-arg","locations":[{"start":{"line":104,"column":36},"end":{"line":104,"column":50}}],"line":104}},"s":{"0":1,"1":1,"2":1,"3":1,"4":1,"5":1,"6":1,"7":0,"8":0,"9":0,"10":0,"11":0,"12":0,"13":0,"14":0,"15":0,"16":0,"17":0,"18":1,"19":1,"20":8,"21":1,"22":1,"23":8,"24":1,"25":1,"26":1,"27":1,"28":1,"29":1,"30":1,"31":1,"32":1},"f":{"0":0,"1":1,"2":8,"3":1},"b":{"0":[0,0],"1":[0,0],"2":[1]},"meta":{"lastBranch":3,"lastFunction":4,"lastStatement":33,"seen":{"s:9:20:9:Infinity":0,"s:11:16:11:Infinity":1,"s:13:0:16:Infinity":2,"s:25:15:27:Infinity":3,"s:29:0:35:Infinity":4,"s:30:2:34:Infinity":5,"s:37:0:58:Infinity":6,"f:41:10:41:17":0,"b:42:4:44:Infinity:undefined:undefined:undefined:undefined":0,"s:42:4:44:Infinity":7,"s:43:6:43:Infinity":8,"s:46:4:46:Infinity":9,"s:47:4:47:Infinity":10,"s:48:4:57:Infinity":11,"s:49:12:49:Infinity":12,"b:50:6:53:Infinity:undefined:undefined:undefined:undefined":1,"s:50:6:53:Infinity":13,"s:51:8:51:Infinity":14,"s:52:8:52:Infinity":15,"s:55:6:55:Infinity":16,"s:56:6:56:Infinity":17,"s:65:14:71:Infinity":18,"s:73:0:79:Infinity":19,"s:74:2:78:Infinity":20,"s:81:0:101:Infinity":21,"f:81:15:81:22":1,"s:82:36:82:Infinity":22,"f:82:51:82:52":2,"s:82:60:82:73":23,"s:83:2:83:Infinity":24,"s:84:2:84:Infinity":25,"s:85:2:85:Infinity":26,"s:86:2:86:Infinity":27,"s:88:2:100:Infinity":28,"s:89:4:96:Infinity":29,"s:98:4:98:Infinity":30,"s:99:4:99:Infinity":31,"f:104:22:104:29":3,"b:104:36:104:50":2,"s:105:2:105:Infinity":32}}}
,"E:\\projects\\js\\svi\\packages\\svi\\src\\commands\\env.ts": {"path":"E:\\projects\\js\\svi\\packages\\svi\\src\\commands\\env.ts","statementMap":{"0":{"start":{"line":16,"column":39},"end":{"line":38,"column":null}},"1":{"start":{"line":41,"column":2},"end":{"line":41,"column":null}},"2":{"start":{"line":41,"column":36},"end":{"line":41,"column":46}},"3":{"start":{"line":45,"column":2},"end":{"line":45,"column":null}},"4":{"start":{"line":45,"column":25},"end":{"line":45,"column":59}},"5":{"start":{"line":49,"column":2},"end":{"line":49,"column":null}},"6":{"start":{"line":51,"column":2},"end":{"line":51,"column":null}},"7":{"start":{"line":53,"column":31},"end":{"line":53,"column":null}},"8":{"start":{"line":54,"column":2},"end":{"line":56,"column":null}},"9":{"start":{"line":55,"column":4},"end":{"line":55,"column":null}},"10":{"start":{"line":58,"column":2},"end":{"line":67,"column":null}},"11":{"start":{"line":59,"column":19},"end":{"line":59,"column":null}},"12":{"start":{"line":60,"column":10},"end":{"line":60,"column":null}},"13":{"start":{"line":61,"column":4},"end":{"line":63,"column":null}},"14":{"start":{"line":62,"column":6},"end":{"line":62,"column":null}},"15":{"start":{"line":64,"column":4},"end":{"line":66,"column":null}},"16":{"start":{"line":65,"column":6},"end":{"line":65,"column":null}},"17":{"start":{"line":69,"column":2},"end":{"line":71,"column":null}},"18":{"start":{"line":70,"column":4},"end":{"line":70,"column":null}},"19":{"start":{"line":73,"column":2},"end":{"line":75,"column":null}},"20":{"start":{"line":74,"column":4},"end":{"line":74,"column":null}},"21":{"start":{"line":77,"column":2},"end":{"line":79,"column":null}},"22":{"start":{"line":78,"column":4},"end":{"line":78,"column":null}},"23":{"start":{"line":83,"column":2},"end":{"line":92,"column":null}},"24":{"start":{"line":84,"column":4},"end":{"line":86,"column":null}},"25":{"start":{"line":88,"column":4},"end":{"line":88,"column":null}},"26":{"start":{"line":89,"column":4},"end":{"line":89,"column":null}},"27":{"start":{"line":91,"column":4},"end":{"line":91,"column":null}},"28":{"start":{"line":94,"column":31},"end":{"line":94,"column":null}},"29":{"start":{"line":95,"column":2},"end":{"line":97,"column":null}},"30":{"start":{"line":98,"column":2},"end":{"line":105,"column":null}},"31":{"start":{"line":99,"column":4},"end":{"line":101,"column":null}},"32":{"start":{"line":102,"column":4},"end":{"line":102,"column":null}},"33":{"start":{"line":104,"column":4},"end":{"line":104,"column":null}},"34":{"start":{"line":107,"column":2},"end":{"line":112,"column":null}},"35":{"start":{"line":108,"column":4},"end":{"line":110,"column":null}},"36":{"start":{"line":111,"column":4},"end":{"line":111,"column":null}},"37":{"start":{"line":114,"column":35},"end":{"line":117,"column":null}},"38":{"start":{"line":119,"column":2},"end":{"line":121,"column":null}},"39":{"start":{"line":123,"column":2},"end":{"line":135,"column":null}},"40":{"start":{"line":124,"column":4},"end":{"line":126,"column":null}},"41":{"start":{"line":127,"column":4},"end":{"line":129,"column":null}},"42":{"start":{"line":130,"column":4},"end":{"line":130,"column":null}},"43":{"start":{"line":132,"column":4},"end":{"line":134,"column":null}},"44":{"start":{"line":137,"column":2},"end":{"line":159,"column":null}},"45":{"start":{"line":138,"column":38},"end":{"line":141,"column":null}},"46":{"start":{"line":143,"column":4},"end":{"line":145,"column":null}},"47":{"start":{"line":147,"column":4},"end":{"line":158,"column":null}},"48":{"start":{"line":148,"column":6},"end":{"line":150,"column":null}},"49":{"start":{"line":151,"column":6},"end":{"line":153,"column":null}},"50":{"start":{"line":155,"column":6},"end":{"line":157,"column":null}},"51":{"start":{"line":163,"column":26},"end":{"line":163,"column":null}},"52":{"start":{"line":164,"column":2},"end":{"line":167,"column":null}},"53":{"start":{"line":165,"column":4},"end":{"line":165,"column":null}},"54":{"start":{"line":166,"column":4},"end":{"line":166,"column":null}},"55":{"start":{"line":168,"column":2},"end":{"line":168,"column":null}},"56":{"start":{"line":172,"column":18},"end":{"line":172,"column":null}},"57":{"start":{"line":173,"column":2},"end":{"line":175,"column":null}},"58":{"start":{"line":174,"column":4},"end":{"line":174,"column":null}},"59":{"start":{"line":179,"column":18},"end":{"line":179,"column":null}},"60":{"start":{"line":180,"column":2},"end":{"line":182,"column":null}},"61":{"start":{"line":181,"column":4},"end":{"line":181,"column":null}}},"fnMap":{"0":{"name":"getPossibleKeys","decl":{"start":{"line":40,"column":9},"end":{"line":40,"column":37}},"loc":{"start":{"line":40,"column":37},"end":{"line":42,"column":null}},"line":40},"1":{"name":"(anonymous_1)","decl":{"start":{"line":41,"column":24},"end":{"line":41,"column":25}},"loc":{"start":{"line":41,"column":36},"end":{"line":41,"column":46}},"line":41},"2":{"name":"getPossibleKeysCamelCase","decl":{"start":{"line":44,"column":9},"end":{"line":44,"column":46}},"loc":{"start":{"line":44,"column":46},"end":{"line":46,"column":null}},"line":44},"3":{"name":"(anonymous_3)","decl":{"start":{"line":45,"column":24},"end":{"line":45,"column":25}},"loc":{"start":{"line":45,"column":25},"end":{"line":45,"column":59}},"line":45},"4":{"name":"enrichOptionsFromEnv","decl":{"start":{"line":48,"column":16},"end":{"line":48,"column":37}},"loc":{"start":{"line":48,"column":79},"end":{"line":80,"column":null}},"line":48},"5":{"name":"tryLoadEnvFromEnvFile","decl":{"start":{"line":82,"column":9},"end":{"line":82,"column":31}},"loc":{"start":{"line":82,"column":45},"end":{"line":160,"column":null}},"line":82},"6":{"name":"getEnvFileExample","decl":{"start":{"line":162,"column":16},"end":{"line":162,"column":46}},"loc":{"start":{"line":162,"column":46},"end":{"line":169,"column":null}},"line":162},"7":{"name":"printEnvFileExample","decl":{"start":{"line":171,"column":16},"end":{"line":171,"column":38}},"loc":{"start":{"line":171,"column":38},"end":{"line":176,"column":null}},"line":171},"8":{"name":"printEnvFileExampleAsError","decl":{"start":{"line":178,"column":16},"end":{"line":178,"column":45}},"loc":{"start":{"line":178,"column":45},"end":{"line":183,"column":null}},"line":178}},"branchMap":{"0":{"loc":{"start":{"line":54,"column":2},"end":{"line":56,"column":null}},"type":"if","locations":[{"start":{"line":54,"column":2},"end":{"line":56,"column":null}},{"start":{},"end":{}}],"line":54},"1":{"loc":{"start":{"line":61,"column":4},"end":{"line":63,"column":null}},"type":"if","locations":[{"start":{"line":61,"column":4},"end":{"line":63,"column":null}},{"start":{},"end":{}}],"line":61},"2":{"loc":{"start":{"line":61,"column":8},"end":{"line":61,"column":62}},"type":"binary-expr","locations":[{"start":{"line":61,"column":8},"end":{"line":61,"column":24}},{"start":{"line":61,"column":24},"end":{"line":61,"column":62}}],"line":61},"3":{"loc":{"start":{"line":64,"column":4},"end":{"line":66,"column":null}},"type":"if","locations":[{"start":{"line":64,"column":4},"end":{"line":66,"column":null}},{"start":{},"end":{}}],"line":64},"4":{"loc":{"start":{"line":69,"column":2},"end":{"line":71,"column":null}},"type":"if","locations":[{"start":{"line":69,"column":2},"end":{"line":71,"column":null}},{"start":{},"end":{}}],"line":69},"5":{"loc":{"start":{"line":69,"column":6},"end":{"line":69,"column":43}},"type":"binary-expr","locations":[{"start":{"line":69,"column":6},"end":{"line":69,"column":27}},{"start":{"line":69,"column":27},"end":{"line":69,"column":43}}],"line":69},"6":{"loc":{"start":{"line":73,"column":2},"end":{"line":75,"column":null}},"type":"if","locations":[{"start":{"line":73,"column":2},"end":{"line":75,"column":null}},{"start":{},"end":{}}],"line":73},"7":{"loc":{"start":{"line":73,"column":6},"end":{"line":73,"column":38}},"type":"binary-expr","locations":[{"start":{"line":73,"column":6},"end":{"line":73,"column":24}},{"start":{"line":73,"column":24},"end":{"line":73,"column":38}}],"line":73},"8":{"loc":{"start":{"line":77,"column":2},"end":{"line":79,"column":null}},"type":"if","locations":[{"start":{"line":77,"column":2},"end":{"line":79,"column":null}},{"start":{},"end":{}}],"line":77},"9":{"loc":{"start":{"line":77,"column":6},"end":{"line":77,"column":42}},"type":"binary-expr","locations":[{"start":{"line":77,"column":6},"end":{"line":77,"column":28}},{"start":{"line":77,"column":28},"end":{"line":77,"column":42}}],"line":77},"10":{"loc":{"start":{"line":83,"column":2},"end":{"line":92,"column":null}},"type":"if","locations":[{"start":{"line":83,"column":2},"end":{"line":92,"column":null}},{"start":{"line":90,"column":9},"end":{"line":92,"column":null}}],"line":83},"11":{"loc":{"start":{"line":98,"column":2},"end":{"line":105,"column":null}},"type":"if","locations":[{"start":{"line":98,"column":2},"end":{"line":105,"column":null}},{"start":{"line":103,"column":9},"end":{"line":105,"column":null}}],"line":98},"12":{"loc":{"start":{"line":107,"column":2},"end":{"line":112,"column":null}},"type":"if","locations":[{"start":{"line":107,"column":2},"end":{"line":112,"column":null}},{"start":{},"end":{}}],"line":107},"13":{"loc":{"start":{"line":123,"column":2},"end":{"line":135,"column":null}},"type":"if","locations":[{"start":{"line":123,"column":2},"end":{"line":135,"column":null}},{"start":{"line":131,"column":9},"end":{"line":135,"column":null}}],"line":123},"14":{"loc":{"start":{"line":137,"column":2},"end":{"line":159,"column":null}},"type":"if","locations":[{"start":{"line":137,"column":2},"end":{"line":159,"column":null}},{"start":{},"end":{}}],"line":137},"15":{"loc":{"start":{"line":147,"column":4},"end":{"line":158,"column":null}},"type":"if","locations":[{"start":{"line":147,"column":4},"end":{"line":158,"column":null}},{"start":{"line":154,"column":11},"end":{"line":158,"column":null}}],"line":147}},"s":{"0":1,"1":0,"2":0,"3":1,"4":4,"5":1,"6":1,"7":1,"8":1,"9":1,"10":1,"11":98,"12":98,"13":98,"14":97,"15":1,"16":1,"17":1,"18":0,"19":1,"20":0,"21":1,"22":0,"23":1,"24":0,"25":0,"26":0,"27":1,"28":1,"29":1,"30":1,"31":0,"32":0,"33":1,"34":1,"35":1,"36":1,"37":0,"38":0,"39":0,"40":0,"41":0,"42":0,"43":0,"44":0,"45":0,"46":0,"47":0,"48":0,"49":0,"50":0,"51":0,"52":0,"53":0,"54":0,"55":0,"56":0,"57":0,"58":0,"59":0,"60":0,"61":0},"f":{"0":0,"1":0,"2":1,"3":4,"4":1,"5":1,"6":0,"7":0,"8":0},"b":{"0":[1,0],"1":[97,1],"2":[98,98],"3":[1,0],"4":[0,1],"5":[1,0],"6":[0,1],"7":[1,0],"8":[0,1],"9":[1,0],"10":[0,1],"11":[0,1],"12":[1,0],"13":[0,0],"14":[0,0],"15":[0,0]},"meta":{"lastBranch":16,"lastFunction":9,"lastStatement":62,"seen":{"s:16:39:38:Infinity":0,"f:40:9:40:37":0,"s:41:2:41:Infinity":1,"f:41:24:41:25":1,"s:41:36:41:46":2,"f:44:9:44:46":2,"s:45:2:45:Infinity":3,"f:45:24:45:25":3,"s:45:25:45:59":4,"f:48:16:48:37":4,"s:49:2:49:Infinity":5,"s:51:2:51:Infinity":6,"s:53:31:53:Infinity":7,"b:54:2:56:Infinity:undefined:undefined:undefined:undefined":0,"s:54:2:56:Infinity":8,"s:55:4:55:Infinity":9,"s:58:2:67:Infinity":10,"s:59:19:59:Infinity":11,"s:60:10:60:Infinity":12,"b:61:4:63:Infinity:undefined:undefined:undefined:undefined":1,"s:61:4:63:Infinity":13,"b:61:8:61:24:61:24:61:62":2,"s:62:6:62:Infinity":14,"b:64:4:66:Infinity:undefined:undefined:undefined:undefined":3,"s:64:4:66:Infinity":15,"s:65:6:65:Infinity":16,"b:69:2:71:Infinity:undefined:undefined:undefined:undefined":4,"s:69:2:71:Infinity":17,"b:69:6:69:27:69:27:69:43":5,"s:70:4:70:Infinity":18,"b:73:2:75:Infinity:undefined:undefined:undefined:undefined":6,"s:73:2:75:Infinity":19,"b:73:6:73:24:73:24:73:38":7,"s:74:4:74:Infinity":20,"b:77:2:79:Infinity:undefined:undefined:undefined:undefined":8,"s:77:2:79:Infinity":21,"b:77:6:77:28:77:28:77:42":9,"s:78:4:78:Infinity":22,"f:82:9:82:31":5,"b:83:2:92:Infinity:90:9:92:Infinity":10,"s:83:2:92:Infinity":23,"s:84:4:86:Infinity":24,"s:88:4:88:Infinity":25,"s:89:4:89:Infinity":26,"s:91:4:91:Infinity":27,"s:94:31:94:Infinity":28,"s:95:2:97:Infinity":29,"b:98:2:105:Infinity:103:9:105:Infinity":11,"s:98:2:105:Infinity":30,"s:99:4:101:Infinity":31,"s:102:4:102:Infinity":32,"s:104:4:104:Infinity":33,"b:107:2:112:Infinity:undefined:undefined:undefined:undefined":12,"s:107:2:112:Infinity":34,"s:108:4:110:Infinity":35,"s:111:4:111:Infinity":36,"s:114:35:117:Infinity":37,"s:119:2:121:Infinity":38,"b:123:2:135:Infinity:131:9:135:Infinity":13,"s:123:2:135:Infinity":39,"s:124:4:126:Infinity":40,"s:127:4:129:Infinity":41,"s:130:4:130:Infinity":42,"s:132:4:134:Infinity":43,"b:137:2:159:Infinity:undefined:undefined:undefined:undefined":14,"s:137:2:159:Infinity":44,"s:138:38:141:Infinity":45,"s:143:4:145:Infinity":46,"b:147:4:158:Infinity:154:11:158:Infinity":15,"s:147:4:158:Infinity":47,"s:148:6:150:Infinity":48,"s:151:6:153:Infinity":49,"s:155:6:157:Infinity":50,"f:162:16:162:46":6,"s:163:26:163:Infinity":51,"s:164:2:167:Infinity":52,"s:165:4:165:Infinity":53,"s:166:4:166:Infinity":54,"s:168:2:168:Infinity":55,"f:171:16:171:38":7,"s:172:18:172:Infinity":56,"s:173:2:175:Infinity":57,"s:174:4:174:Infinity":58,"f:178:16:178:45":8,"s:179:18:179:Infinity":59,"s:180:2:182:Infinity":60,"s:181:4:181:Infinity":61}}}
,"E:\\projects\\js\\svi\\packages\\svi\\src\\commands\\init.ts": {"path":"E:\\projects\\js\\svi\\packages\\svi\\src\\commands\\init.ts","statementMap":{"0":{"start":{"line":17,"column":2},"end":{"line":26,"column":null}},"1":{"start":{"line":18,"column":4},"end":{"line":22,"column":null}},"2":{"start":{"line":19,"column":6},"end":{"line":19,"column":null}},"3":{"start":{"line":21,"column":6},"end":{"line":21,"column":null}},"4":{"start":{"line":24,"column":4},"end":{"line":24,"column":null}},"5":{"start":{"line":25,"column":4},"end":{"line":25,"column":null}},"6":{"start":{"line":30,"column":30},"end":{"line":30,"column":null}},"7":{"start":{"line":32,"column":17},"end":{"line":36,"column":null}},"8":{"start":{"line":38,"column":19},"end":{"line":38,"column":null}},"9":{"start":{"line":39,"column":21},"end":{"line":39,"column":null}},"10":{"start":{"line":40,"column":2},"end":{"line":45,"column":null}},"11":{"start":{"line":41,"column":4},"end":{"line":43,"column":null}},"12":{"start":{"line":44,"column":4},"end":{"line":44,"column":null}},"13":{"start":{"line":47,"column":2},"end":{"line":47,"column":null}},"14":{"start":{"line":49,"column":2},"end":{"line":49,"column":null}},"15":{"start":{"line":50,"column":2},"end":{"line":50,"column":null}},"16":{"start":{"line":51,"column":2},"end":{"line":51,"column":null}},"17":{"start":{"line":55,"column":27},"end":{"line":55,"column":null}},"18":{"start":{"line":56,"column":2},"end":{"line":63,"column":null}},"19":{"start":{"line":57,"column":4},"end":{"line":62,"column":null}},"20":{"start":{"line":58,"column":21},"end":{"line":58,"column":null}},"21":{"start":{"line":59,"column":6},"end":{"line":61,"column":null}},"22":{"start":{"line":60,"column":9},"end":{"line":60,"column":null}},"23":{"start":{"line":65,"column":15},"end":{"line":65,"column":null}},"24":{"start":{"line":66,"column":19},"end":{"line":66,"column":null}},"25":{"start":{"line":67,"column":21},"end":{"line":67,"column":null}},"26":{"start":{"line":68,"column":2},"end":{"line":73,"column":null}},"27":{"start":{"line":69,"column":4},"end":{"line":71,"column":null}},"28":{"start":{"line":72,"column":4},"end":{"line":72,"column":null}},"29":{"start":{"line":74,"column":33},"end":{"line":74,"column":null}},"30":{"start":{"line":77,"column":2},"end":{"line":77,"column":null}},"31":{"start":{"line":78,"column":2},"end":{"line":78,"column":null}},"32":{"start":{"line":81,"column":2},"end":{"line":81,"column":null}},"33":{"start":{"line":82,"column":2},"end":{"line":84,"column":null}},"34":{"start":{"line":83,"column":4},"end":{"line":83,"column":null}},"35":{"start":{"line":87,"column":2},"end":{"line":87,"column":null}},"36":{"start":{"line":88,"column":2},"end":{"line":90,"column":null}},"37":{"start":{"line":89,"column":4},"end":{"line":89,"column":null}},"38":{"start":{"line":93,"column":2},"end":{"line":93,"column":null}},"39":{"start":{"line":94,"column":2},"end":{"line":100,"column":null}},"40":{"start":{"line":95,"column":4},"end":{"line":99,"column":null}},"41":{"start":{"line":96,"column":6},"end":{"line":98,"column":null}},"42":{"start":{"line":97,"column":8},"end":{"line":97,"column":null}},"43":{"start":{"line":102,"column":2},"end":{"line":104,"column":null}},"44":{"start":{"line":103,"column":4},"end":{"line":103,"column":null}},"45":{"start":{"line":105,"column":2},"end":{"line":107,"column":null}},"46":{"start":{"line":106,"column":4},"end":{"line":106,"column":null}},"47":{"start":{"line":110,"column":2},"end":{"line":110,"column":null}},"48":{"start":{"line":111,"column":2},"end":{"line":113,"column":null}},"49":{"start":{"line":112,"column":4},"end":{"line":112,"column":null}},"50":{"start":{"line":116,"column":2},"end":{"line":116,"column":null}},"51":{"start":{"line":117,"column":2},"end":{"line":119,"column":null}},"52":{"start":{"line":118,"column":4},"end":{"line":118,"column":null}},"53":{"start":{"line":122,"column":2},"end":{"line":122,"column":null}},"54":{"start":{"line":123,"column":2},"end":{"line":123,"column":null}},"55":{"start":{"line":124,"column":2},"end":{"line":124,"column":null}}},"fnMap":{"0":{"name":"initCommand","decl":{"start":{"line":13,"column":16},"end":{"line":13,"column":null}},"loc":{"start":{"line":16,"column":10},"end":{"line":27,"column":null}},"line":16},"1":{"name":"createGlobalConfig","decl":{"start":{"line":29,"column":9},"end":{"line":29,"column":28}},"loc":{"start":{"line":29,"column":63},"end":{"line":52,"column":null}},"line":29},"2":{"name":"createSviFile","decl":{"start":{"line":54,"column":9},"end":{"line":54,"column":23}},"loc":{"start":{"line":54,"column":75},"end":{"line":125,"column":null}},"line":54}},"branchMap":{"0":{"loc":{"start":{"line":15,"column":2},"end":{"line":15,"column":null}},"type":"default-arg","locations":[{"start":{"line":15,"column":25},"end":{"line":15,"column":null}}],"line":15},"1":{"loc":{"start":{"line":18,"column":4},"end":{"line":22,"column":null}},"type":"if","locations":[{"start":{"line":18,"column":4},"end":{"line":22,"column":null}},{"start":{"line":20,"column":11},"end":{"line":22,"column":null}}],"line":18},"2":{"loc":{"start":{"line":29,"column":28},"end":{"line":29,"column":63}},"type":"default-arg","locations":[{"start":{"line":29,"column":51},"end":{"line":29,"column":63}}],"line":29},"3":{"loc":{"start":{"line":30,"column":30},"end":{"line":30,"column":null}},"type":"binary-expr","locations":[{"start":{"line":30,"column":30},"end":{"line":30,"column":46}},{"start":{"line":30,"column":46},"end":{"line":30,"column":null}}],"line":30},"4":{"loc":{"start":{"line":40,"column":2},"end":{"line":45,"column":null}},"type":"if","locations":[{"start":{"line":40,"column":2},"end":{"line":45,"column":null}},{"start":{},"end":{}}],"line":40},"5":{"loc":{"start":{"line":54,"column":40},"end":{"line":54,"column":75}},"type":"default-arg","locations":[{"start":{"line":54,"column":63},"end":{"line":54,"column":75}}],"line":54},"6":{"loc":{"start":{"line":57,"column":4},"end":{"line":62,"column":null}},"type":"if","locations":[{"start":{"line":57,"column":4},"end":{"line":62,"column":null}},{"start":{},"end":{}}],"line":57},"7":{"loc":{"start":{"line":59,"column":6},"end":{"line":61,"column":null}},"type":"if","locations":[{"start":{"line":59,"column":6},"end":{"line":61,"column":null}},{"start":{},"end":{}}],"line":59},"8":{"loc":{"start":{"line":68,"column":2},"end":{"line":73,"column":null}},"type":"if","locations":[{"start":{"line":68,"column":2},"end":{"line":73,"column":null}},{"start":{},"end":{}}],"line":68},"9":{"loc":{"start":{"line":78,"column":20},"end":{"line":78,"column":49}},"type":"binary-expr","locations":[{"start":{"line":78,"column":20},"end":{"line":78,"column":47}},{"start":{"line":78,"column":47},"end":{"line":78,"column":49}}],"line":78},"10":{"loc":{"start":{"line":82,"column":2},"end":{"line":84,"column":null}},"type":"if","locations":[{"start":{"line":82,"column":2},"end":{"line":84,"column":null}},{"start":{},"end":{}}],"line":82},"11":{"loc":{"start":{"line":82,"column":6},"end":{"line":82,"column":63}},"type":"binary-expr","locations":[{"start":{"line":82,"column":6},"end":{"line":82,"column":30}},{"start":{"line":82,"column":30},"end":{"line":82,"column":63}}],"line":82},"12":{"loc":{"start":{"line":88,"column":2},"end":{"line":90,"column":null}},"type":"if","locations":[{"start":{"line":88,"column":2},"end":{"line":90,"column":null}},{"start":{},"end":{}}],"line":88},"13":{"loc":{"start":{"line":88,"column":6},"end":{"line":88,"column":51}},"type":"binary-expr","locations":[{"start":{"line":88,"column":6},"end":{"line":88,"column":24}},{"start":{"line":88,"column":24},"end":{"line":88,"column":51}}],"line":88},"14":{"loc":{"start":{"line":94,"column":2},"end":{"line":100,"column":null}},"type":"if","locations":[{"start":{"line":94,"column":2},"end":{"line":100,"column":null}},{"start":{},"end":{}}],"line":94},"15":{"loc":{"start":{"line":96,"column":6},"end":{"line":98,"column":null}},"type":"if","locations":[{"start":{"line":96,"column":6},"end":{"line":98,"column":null}},{"start":{},"end":{}}],"line":96},"16":{"loc":{"start":{"line":102,"column":2},"end":{"line":104,"column":null}},"type":"if","locations":[{"start":{"line":102,"column":2},"end":{"line":104,"column":null}},{"start":{},"end":{}}],"line":102},"17":{"loc":{"start":{"line":102,"column":6},"end":{"line":102,"column":58}},"type":"binary-expr","locations":[{"start":{"line":102,"column":6},"end":{"line":102,"column":26}},{"start":{"line":102,"column":26},"end":{"line":102,"column":58}}],"line":102},"18":{"loc":{"start":{"line":105,"column":2},"end":{"line":107,"column":null}},"type":"if","locations":[{"start":{"line":105,"column":2},"end":{"line":107,"column":null}},{"start":{},"end":{}}],"line":105},"19":{"loc":{"start":{"line":105,"column":6},"end":{"line":105,"column":71}},"type":"binary-expr","locations":[{"start":{"line":105,"column":6},"end":{"line":105,"column":26}},{"start":{"line":105,"column":26},"end":{"line":105,"column":71}}],"line":105},"20":{"loc":{"start":{"line":106,"column":45},"end":{"line":106,"column":63}},"type":"binary-expr","locations":[{"start":{"line":106,"column":45},"end":{"line":106,"column":61}},{"start":{"line":106,"column":61},"end":{"line":106,"column":63}}],"line":106},"21":{"loc":{"start":{"line":111,"column":2},"end":{"line":113,"column":null}},"type":"if","locations":[{"start":{"line":111,"column":2},"end":{"line":113,"column":null}},{"start":{},"end":{}}],"line":111},"22":{"loc":{"start":{"line":111,"column":6},"end":{"line":111,"column":65}},"type":"binary-expr","locations":[{"start":{"line":111,"column":6},"end":{"line":111,"column":31}},{"start":{"line":111,"column":31},"end":{"line":111,"column":65}}],"line":111},"23":{"loc":{"start":{"line":117,"column":2},"end":{"line":119,"column":null}},"type":"if","locations":[{"start":{"line":117,"column":2},"end":{"line":119,"column":null}},{"start":{},"end":{}}],"line":117}},"s":{"0":0,"1":0,"2":0,"3":0,"4":0,"5":0,"6":0,"7":0,"8":0,"9":0,"10":0,"11":0,"12":0,"13":0,"14":0,"15":0,"16":0,"17":0,"18":0,"19":0,"20":0,"21":0,"22":0,"23":0,"24":0,"25":0,"26":0,"27":0,"28":0,"29":0,"30":0,"31":0,"32":0,"33":0,"34":0,"35":0,"36":0,"37":0,"38":0,"39":0,"40":0,"41":0,"42":0,"43":0,"44":0,"45":0,"46":0,"47":0,"48":0,"49":0,"50":0,"51":0,"52":0,"53":0,"54":0,"55":0},"f":{"0":0,"1":0,"2":0},"b":{"0":[0],"1":[0,0],"2":[0],"3":[0,0],"4":[0,0],"5":[0],"6":[0,0],"7":[0,0],"8":[0,0],"9":[0,0],"10":[0,0],"11":[0,0],"12":[0,0],"13":[0,0],"14":[0,0],"15":[0,0],"16":[0,0],"17":[0,0],"18":[0,0],"19":[0,0],"20":[0,0],"21":[0,0],"22":[0,0],"23":[0,0]},"meta":{"lastBranch":24,"lastFunction":3,"lastStatement":56,"seen":{"f:13:16:13:Infinity":0,"b:15:25:15:Infinity":0,"s:17:2:26:Infinity":0,"b:18:4:22:Infinity:20:11:22:Infinity":1,"s:18:4:22:Infinity":1,"s:19:6:19:Infinity":2,"s:21:6:21:Infinity":3,"s:24:4:24:Infinity":4,"s:25:4:25:Infinity":5,"f:29:9:29:28":1,"b:29:51:29:63":2,"s:30:30:30:Infinity":6,"b:30:30:30:46:30:46:30:Infinity":3,"s:32:17:36:Infinity":7,"s:38:19:38:Infinity":8,"s:39:21:39:Infinity":9,"b:40:2:45:Infinity:undefined:undefined:undefined:undefined":4,"s:40:2:45:Infinity":10,"s:41:4:43:Infinity":11,"s:44:4:44:Infinity":12,"s:47:2:47:Infinity":13,"s:49:2:49:Infinity":14,"s:50:2:50:Infinity":15,"s:51:2:51:Infinity":16,"f:54:9:54:23":2,"b:54:63:54:75":5,"s:55:27:55:Infinity":17,"s:56:2:63:Infinity":18,"b:57:4:62:Infinity:undefined:undefined:undefined:undefined":6,"s:57:4:62:Infinity":19,"s:58:21:58:Infinity":20,"b:59:6:61:Infinity:undefined:undefined:undefined:undefined":7,"s:59:6:61:Infinity":21,"s:60:9:60:Infinity":22,"s:65:15:65:Infinity":23,"s:66:19:66:Infinity":24,"s:67:21:67:Infinity":25,"b:68:2:73:Infinity:undefined:undefined:undefined:undefined":8,"s:68:2:73:Infinity":26,"s:69:4:71:Infinity":27,"s:72:4:72:Infinity":28,"s:74:33:74:Infinity":29,"s:77:2:77:Infinity":30,"s:78:2:78:Infinity":31,"b:78:20:78:47:78:47:78:49":9,"s:81:2:81:Infinity":32,"b:82:2:84:Infinity:undefined:undefined:undefined:undefined":10,"s:82:2:84:Infinity":33,"b:82:6:82:30:82:30:82:63":11,"s:83:4:83:Infinity":34,"s:87:2:87:Infinity":35,"b:88:2:90:Infinity:undefined:undefined:undefined:undefined":12,"s:88:2:90:Infinity":36,"b:88:6:88:24:88:24:88:51":13,"s:89:4:89:Infinity":37,"s:93:2:93:Infinity":38,"b:94:2:100:Infinity:undefined:undefined:undefined:undefined":14,"s:94:2:100:Infinity":39,"s:95:4:99:Infinity":40,"b:96:6:98:Infinity:undefined:undefined:undefined:undefined":15,"s:96:6:98:Infinity":41,"s:97:8:97:Infinity":42,"b:102:2:104:Infinity:undefined:undefined:undefined:undefined":16,"s:102:2:104:Infinity":43,"b:102:6:102:26:102:26:102:58":17,"s:103:4:103:Infinity":44,"b:105:2:107:Infinity:undefined:undefined:undefined:undefined":18,"s:105:2:107:Infinity":45,"b:105:6:105:26:105:26:105:71":19,"s:106:4:106:Infinity":46,"b:106:45:106:61:106:61:106:63":20,"s:110:2:110:Infinity":47,"b:111:2:113:Infinity:undefined:undefined:undefined:undefined":21,"s:111:2:113:Infinity":48,"b:111:6:111:31:111:31:111:65":22,"s:112:4:112:Infinity":49,"s:116:2:116:Infinity":50,"b:117:2:119:Infinity:undefined:undefined:undefined:undefined":23,"s:117:2:119:Infinity":51,"s:118:4:118:Infinity":52,"s:122:2:122:Infinity":53,"s:123:2:123:Infinity":54,"s:124:2:124:Infinity":55}}}
,"E:\\projects\\js\\svi\\packages\\svi\\src\\commands\\run.ts": {"path":"E:\\projects\\js\\svi\\packages\\svi\\src\\commands\\run.ts","statementMap":{"0":{"start":{"line":21,"column":2},"end":{"line":67,"column":null}},"1":{"start":{"line":22,"column":4},"end":{"line":22,"column":null}},"2":{"start":{"line":26,"column":4},"end":{"line":33,"column":null}},"3":{"start":{"line":27,"column":6},"end":{"line":29,"column":null}},"4":{"start":{"line":30,"column":6},"end":{"line":30,"column":null}},"5":{"start":{"line":32,"column":6},"end":{"line":32,"column":null}},"6":{"start":{"line":35,"column":4},"end":{"line":35,"column":null}},"7":{"start":{"line":36,"column":4},"end":{"line":36,"column":null}},"8":{"start":{"line":37,"column":4},"end":{"line":37,"column":null}},"9":{"start":{"line":38,"column":4},"end":{"line":38,"column":null}},"10":{"start":{"line":41,"column":23},"end":{"line":48,"column":null}},"11":{"start":{"line":50,"column":4},"end":{"line":52,"column":null}},"12":{"start":{"line":51,"column":6},"end":{"line":51,"column":null}},"13":{"start":{"line":54,"column":4},"end":{"line":54,"column":null}},"14":{"start":{"line":55,"column":4},"end":{"line":62,"column":null}},"15":{"start":{"line":56,"column":6},"end":{"line":56,"column":null}},"16":{"start":{"line":58,"column":6},"end":{"line":60,"column":null}},"17":{"start":{"line":61,"column":6},"end":{"line":61,"column":null}},"18":{"start":{"line":64,"column":4},"end":{"line":64,"column":null}},"19":{"start":{"line":65,"column":4},"end":{"line":65,"column":null}},"20":{"start":{"line":66,"column":4},"end":{"line":66,"column":null}}},"fnMap":{"0":{"name":"runCommand","decl":{"start":{"line":10,"column":22},"end":{"line":10,"column":null}},"loc":{"start":{"line":20,"column":2},"end":{"line":68,"column":null}},"line":20}},"branchMap":{"0":{"loc":{"start":{"line":26,"column":4},"end":{"line":33,"column":null}},"type":"if","locations":[{"start":{"line":26,"column":4},"end":{"line":33,"column":null}},{"start":{"line":31,"column":11},"end":{"line":33,"column":null}}],"line":26},"1":{"loc":{"start":{"line":50,"column":4},"end":{"line":52,"column":null}},"type":"if","locations":[{"start":{"line":50,"column":4},"end":{"line":52,"column":null}},{"start":{},"end":{}}],"line":50},"2":{"loc":{"start":{"line":50,"column":8},"end":{"line":50,"column":35}},"type":"binary-expr","locations":[{"start":{"line":50,"column":8},"end":{"line":50,"column":17}},{"start":{"line":50,"column":17},"end":{"line":50,"column":35}}],"line":50},"3":{"loc":{"start":{"line":55,"column":4},"end":{"line":62,"column":null}},"type":"if","locations":[{"start":{"line":55,"column":4},"end":{"line":62,"column":null}},{"start":{"line":57,"column":11},"end":{"line":62,"column":null}}],"line":55},"4":{"loc":{"start":{"line":65,"column":17},"end":{"line":65,"column":46}},"type":"binary-expr","locations":[{"start":{"line":65,"column":17},"end":{"line":65,"column":32}},{"start":{"line":65,"column":32},"end":{"line":65,"column":46}}],"line":65}},"s":{"0":1,"1":1,"2":1,"3":0,"4":0,"5":1,"6":1,"7":1,"8":1,"9":1,"10":1,"11":1,"12":0,"13":1,"14":1,"15":0,"16":0,"17":0,"18":1,"19":1,"20":1},"f":{"0":1},"b":{"0":[0,1],"1":[0,1],"2":[1,1],"3":[0,0],"4":[1,0]},"meta":{"lastBranch":5,"lastFunction":1,"lastStatement":21,"seen":{"f:10:22:10:Infinity":0,"s:21:2:67:Infinity":0,"s:22:4:22:Infinity":1,"b:26:4:33:Infinity:31:11:33:Infinity":0,"s:26:4:33:Infinity":2,"s:27:6:29:Infinity":3,"s:30:6:30:Infinity":4,"s:32:6:32:Infinity":5,"s:35:4:35:Infinity":6,"s:36:4:36:Infinity":7,"s:37:4:37:Infinity":8,"s:38:4:38:Infinity":9,"s:41:23:48:Infinity":10,"b:50:4:52:Infinity:undefined:undefined:undefined:undefined":1,"s:50:4:52:Infinity":11,"b:50:8:50:17:50:17:50:35":2,"s:51:6:51:Infinity":12,"s:54:4:54:Infinity":13,"b:55:4:62:Infinity:57:11:62:Infinity":3,"s:55:4:62:Infinity":14,"s:56:6:56:Infinity":15,"s:58:6:60:Infinity":16,"s:61:6:61:Infinity":17,"s:64:4:64:Infinity":18,"s:65:4:65:Infinity":19,"b:65:17:65:32:65:32:65:46":4,"s:66:4:66:Infinity":20}}}
,"E:\\projects\\js\\svi\\packages\\svi\\src\\commands\\runner\\checkerForRunManager.ts": {"path":"E:\\projects\\js\\svi\\packages\\svi\\src\\commands\\runner\\checkerForRunManager.ts","statementMap":{"0":{"start":{"line":8,"column":26},"end":{"line":8,"column":null}},"1":{"start":{"line":10,"column":4},"end":{"line":20,"column":null}},"2":{"start":{"line":11,"column":6},"end":{"line":11,"column":null}},"3":{"start":{"line":12,"column":6},"end":{"line":14,"column":null}},"4":{"start":{"line":15,"column":6},"end":{"line":15,"column":null}},"5":{"start":{"line":16,"column":6},"end":{"line":18,"column":null}},"6":{"start":{"line":19,"column":6},"end":{"line":19,"column":null}},"7":{"start":{"line":22,"column":4},"end":{"line":44,"column":null}},"8":{"start":{"line":23,"column":6},"end":{"line":25,"column":null}},"9":{"start":{"line":27,"column":22},"end":{"line":27,"column":null}},"10":{"start":{"line":29,"column":6},"end":{"line":43,"column":null}},"11":{"start":{"line":30,"column":8},"end":{"line":30,"column":null}},"12":{"start":{"line":32,"column":8},"end":{"line":34,"column":null}},"13":{"start":{"line":35,"column":8},"end":{"line":37,"column":null}},"14":{"start":{"line":38,"column":8},"end":{"line":38,"column":null}},"15":{"start":{"line":39,"column":8},"end":{"line":41,"column":null}},"16":{"start":{"line":42,"column":8},"end":{"line":42,"column":null}},"17":{"start":{"line":46,"column":4},"end":{"line":50,"column":null}},"18":{"start":{"line":47,"column":6},"end":{"line":49,"column":null}},"19":{"start":{"line":52,"column":4},"end":{"line":54,"column":null}},"20":{"start":{"line":53,"column":6},"end":{"line":53,"column":null}},"21":{"start":{"line":61,"column":4},"end":{"line":61,"column":null}}},"fnMap":{"0":{"name":"(anonymous_0)","decl":{"start":{"line":7,"column":22},"end":{"line":7,"column":35}},"loc":{"start":{"line":7,"column":67},"end":{"line":62,"column":null}},"line":7}},"branchMap":{"0":{"loc":{"start":{"line":10,"column":4},"end":{"line":20,"column":null}},"type":"if","locations":[{"start":{"line":10,"column":4},"end":{"line":20,"column":null}},{"start":{},"end":{}}],"line":10},"1":{"loc":{"start":{"line":22,"column":4},"end":{"line":44,"column":null}},"type":"if","locations":[{"start":{"line":22,"column":4},"end":{"line":44,"column":null}},{"start":{},"end":{}}],"line":22},"2":{"loc":{"start":{"line":22,"column":8},"end":{"line":22,"column":47}},"type":"binary-expr","locations":[{"start":{"line":22,"column":8},"end":{"line":22,"column":28}},{"start":{"line":22,"column":28},"end":{"line":22,"column":47}}],"line":22},"3":{"loc":{"start":{"line":29,"column":6},"end":{"line":43,"column":null}},"type":"if","locations":[{"start":{"line":29,"column":6},"end":{"line":43,"column":null}},{"start":{"line":31,"column":13},"end":{"line":43,"column":null}}],"line":29},"4":{"loc":{"start":{"line":46,"column":4},"end":{"line":50,"column":null}},"type":"if","locations":[{"start":{"line":46,"column":4},"end":{"line":50,"column":null}},{"start":{},"end":{}}],"line":46},"5":{"loc":{"start":{"line":52,"column":4},"end":{"line":54,"column":null}},"type":"if","locations":[{"start":{"line":52,"column":4},"end":{"line":54,"column":null}},{"start":{},"end":{}}],"line":52}},"s":{"0":0,"1":0,"2":0,"3":0,"4":0,"5":0,"6":0,"7":0,"8":0,"9":0,"10":0,"11":0,"12":0,"13":0,"14":0,"15":0,"16":0,"17":0,"18":0,"19":0,"20":0,"21":0},"f":{"0":1},"b":{"0":[0,0],"1":[0,0],"2":[0,0],"3":[0,0],"4":[0,0],"5":[0,0]},"meta":{"lastBranch":6,"lastFunction":1,"lastStatement":22,"seen":{"f:7:22:7:35":0,"s:8:26:8:Infinity":0,"b:10:4:20:Infinity:undefined:undefined:undefined:undefined":0,"s:10:4:20:Infinity":1,"s:11:6:11:Infinity":2,"s:12:6:14:Infinity":3,"s:15:6:15:Infinity":4,"s:16:6:18:Infinity":5,"s:19:6:19:Infinity":6,"b:22:4:44:Infinity:undefined:undefined:undefined:undefined":1,"s:22:4:44:Infinity":7,"b:22:8:22:28:22:28:22:47":2,"s:23:6:25:Infinity":8,"s:27:22:27:Infinity":9,"b:29:6:43:Infinity:31:13:43:Infinity":3,"s:29:6:43:Infinity":10,"s:30:8:30:Infinity":11,"s:32:8:34:Infinity":12,"s:35:8:37:Infinity":13,"s:38:8:38:Infinity":14,"s:39:8:41:Infinity":15,"s:42:8:42:Infinity":16,"b:46:4:50:Infinity:undefined:undefined:undefined:undefined":4,"s:46:4:50:Infinity":17,"s:47:6:49:Infinity":18,"b:52:4:54:Infinity:undefined:undefined:undefined:undefined":5,"s:52:4:54:Infinity":19,"s:53:6:53:Infinity":20,"s:61:4:61:Infinity":21}}}
,"E:\\projects\\js\\svi\\packages\\svi\\src\\commands\\runner\\runManager.ts": {"path":"E:\\projects\\js\\svi\\packages\\svi\\src\\commands\\runner\\runManager.ts","statementMap":{"0":{"start":{"line":32,"column":2},"end":{"line":32,"column":null}},"1":{"start":{"line":45,"column":4},"end":{"line":45,"column":null}},"2":{"start":{"line":46,"column":4},"end":{"line":46,"column":null}},"3":{"start":{"line":47,"column":4},"end":{"line":47,"column":null}},"4":{"start":{"line":48,"column":4},"end":{"line":48,"column":null}},"5":{"start":{"line":49,"column":4},"end":{"line":49,"column":null}},"6":{"start":{"line":50,"column":4},"end":{"line":50,"column":null}},"7":{"start":{"line":51,"column":4},"end":{"line":51,"column":null}},"8":{"start":{"line":55,"column":4},"end":{"line":55,"column":null}},"9":{"start":{"line":62,"column":4},"end":{"line":168,"column":null}},"10":{"start":{"line":63,"column":6},"end":{"line":63,"column":null}},"11":{"start":{"line":65,"column":38},"end":{"line":65,"column":null}},"12":{"start":{"line":67,"column":6},"end":{"line":82,"column":null}},"13":{"start":{"line":68,"column":8},"end":{"line":70,"column":null}},"14":{"start":{"line":71,"column":8},"end":{"line":75,"column":null}},"15":{"start":{"line":76,"column":8},"end":{"line":78,"column":null}},"16":{"start":{"line":80,"column":8},"end":{"line":80,"column":null}},"17":{"start":{"line":81,"column":8},"end":{"line":81,"column":null}},"18":{"start":{"line":84,"column":6},"end":{"line":87,"column":null}},"19":{"start":{"line":85,"column":8},"end":{"line":85,"column":null}},"20":{"start":{"line":86,"column":8},"end":{"line":86,"column":null}},"21":{"start":{"line":89,"column":6},"end":{"line":89,"column":null}},"22":{"start":{"line":91,"column":6},"end":{"line":91,"column":null}},"23":{"start":{"line":92,"column":6},"end":{"line":95,"column":null}},"24":{"start":{"line":93,"column":8},"end":{"line":93,"column":null}},"25":{"start":{"line":94,"column":8},"end":{"line":94,"column":null}},"26":{"start":{"line":98,"column":18},"end":{"line":104,"column":null}},"27":{"start":{"line":106,"column":19},"end":{"line":106,"column":null}},"28":{"start":{"line":108,"column":6},"end":{"line":119,"column":null}},"29":{"start":{"line":109,"column":8},"end":{"line":118,"column":null}},"30":{"start":{"line":116,"column":10},"end":{"line":116,"column":null}},"31":{"start":{"line":117,"column":10},"end":{"line":117,"column":null}},"32":{"start":{"line":121,"column":6},"end":{"line":134,"column":null}},"33":{"start":{"line":122,"column":8},"end":{"line":133,"column":null}},"34":{"start":{"line":123,"column":10},"end":{"line":123,"column":null}},"35":{"start":{"line":125,"column":10},"end":{"line":127,"column":null}},"36":{"start":{"line":126,"column":12},"end":{"line":126,"column":null}},"37":{"start":{"line":129,"column":10},"end":{"line":131,"column":null}},"38":{"start":{"line":132,"column":10},"end":{"line":132,"column":null}},"39":{"start":{"line":136,"column":6},"end":{"line":141,"column":null}},"40":{"start":{"line":137,"column":8},"end":{"line":137,"column":null}},"41":{"start":{"line":139,"column":8},"end":{"line":139,"column":null}},"42":{"start":{"line":140,"column":8},"end":{"line":140,"column":null}},"43":{"start":{"line":143,"column":6},"end":{"line":143,"column":null}},"44":{"start":{"line":144,"column":6},"end":{"line":147,"column":null}},"45":{"start":{"line":148,"column":6},"end":{"line":153,"column":null}},"46":{"start":{"line":149,"column":8},"end":{"line":152,"column":null}},"47":{"start":{"line":154,"column":6},"end":{"line":154,"column":null}},"48":{"start":{"line":155,"column":6},"end":{"line":157,"column":null}},"49":{"start":{"line":156,"column":8},"end":{"line":156,"column":null}},"50":{"start":{"line":159,"column":6},"end":{"line":159,"column":null}},"51":{"start":{"line":161,"column":6},"end":{"line":166,"column":null}},"52":{"start":{"line":167,"column":6},"end":{"line":167,"column":null}},"53":{"start":{"line":173,"column":22},"end":{"line":173,"column":null}},"54":{"start":{"line":174,"column":19},"end":{"line":174,"column":null}},"55":{"start":{"line":175,"column":4},"end":{"line":177,"column":null}},"56":{"start":{"line":176,"column":6},"end":{"line":176,"column":null}},"57":{"start":{"line":178,"column":4},"end":{"line":178,"column":null}}},"fnMap":{"0":{"name":"(anonymous_0)","decl":{"start":{"line":34,"column":2},"end":{"line":34,"column":null}},"loc":{"start":{"line":44,"column":4},"end":{"line":52,"column":null}},"line":44},"1":{"name":"(anonymous_1)","decl":{"start":{"line":54,"column":9},"end":{"line":54,"column":26}},"loc":{"start":{"line":54,"column":43},"end":{"line":56,"column":null}},"line":54},"2":{"name":"(anonymous_2)","decl":{"start":{"line":61,"column":15},"end":{"line":61,"column":39}},"loc":{"start":{"line":61,"column":39},"end":{"line":169,"column":null}},"line":61},"3":{"name":"(anonymous_3)","decl":{"start":{"line":171,"column":9},"end":{"line":171,"column":35}},"loc":{"start":{"line":171,"column":71},"end":{"line":179,"column":null}},"line":171}},"branchMap":{"0":{"loc":{"start":{"line":67,"column":6},"end":{"line":82,"column":null}},"type":"if","locations":[{"start":{"line":67,"column":6},"end":{"line":82,"column":null}},{"start":{"line":79,"column":13},"end":{"line":82,"column":null}}],"line":67},"1":{"loc":{"start":{"line":84,"column":6},"end":{"line":87,"column":null}},"type":"if","locations":[{"start":{"line":84,"column":6},"end":{"line":87,"column":null}},{"start":{},"end":{}}],"line":84},"2":{"loc":{"start":{"line":84,"column":10},"end":{"line":84,"column":46}},"type":"binary-expr","locations":[{"start":{"line":84,"column":10},"end":{"line":84,"column":23}},{"start":{"line":84,"column":23},"end":{"line":84,"column":46}}],"line":84},"3":{"loc":{"start":{"line":92,"column":6},"end":{"line":95,"column":null}},"type":"if","locations":[{"start":{"line":92,"column":6},"end":{"line":95,"column":null}},{"start":{},"end":{}}],"line":92},"4":{"loc":{"start":{"line":99,"column":19},"end":{"line":99,"column":null}},"type":"binary-expr","locations":[{"start":{"line":99,"column":19},"end":{"line":99,"column":33}},{"start":{"line":99,"column":33},"end":{"line":99,"column":null}}],"line":99},"5":{"loc":{"start":{"line":108,"column":6},"end":{"line":119,"column":null}},"type":"if","locations":[{"start":{"line":108,"column":6},"end":{"line":119,"column":null}},{"start":{},"end":{}}],"line":108},"6":{"loc":{"start":{"line":109,"column":8},"end":{"line":118,"column":null}},"type":"if","locations":[{"start":{"line":109,"column":8},"end":{"line":118,"column":null}},{"start":{},"end":{}}],"line":109},"7":{"loc":{"start":{"line":111,"column":23},"end":{"line":111,"column":null}},"type":"binary-expr","locations":[{"start":{"line":111,"column":23},"end":{"line":111,"column":37}},{"start":{"line":111,"column":37},"end":{"line":111,"column":null}}],"line":111},"8":{"loc":{"start":{"line":125,"column":10},"end":{"line":127,"column":null}},"type":"if","locations":[{"start":{"line":125,"column":10},"end":{"line":127,"column":null}},{"start":{},"end":{}}],"line":125},"9":{"loc":{"start":{"line":136,"column":6},"end":{"line":141,"column":null}},"type":"if","locations":[{"start":{"line":136,"column":6},"end":{"line":141,"column":null}},{"start":{"line":138,"column":13},"end":{"line":141,"column":null}}],"line":136},"10":{"loc":{"start":{"line":148,"column":6},"end":{"line":153,"column":null}},"type":"if","locations":[{"start":{"line":148,"column":6},"end":{"line":153,"column":null}},{"start":{},"end":{}}],"line":148},"11":{"loc":{"start":{"line":155,"column":6},"end":{"line":157,"column":null}},"type":"if","locations":[{"start":{"line":155,"column":6},"end":{"line":157,"column":null}},{"start":{},"end":{}}],"line":155},"12":{"loc":{"start":{"line":175,"column":4},"end":{"line":177,"column":null}},"type":"if","locations":[{"start":{"line":175,"column":4},"end":{"line":177,"column":null}},{"start":{},"end":{}}],"line":175}},"s":{"0":1,"1":1,"2":1,"3":1,"4":1,"5":1,"6":1,"7":1,"8":0,"9":1,"10":1,"11":1,"12":1,"13":0,"14":0,"15":0,"16":1,"17":1,"18":1,"19":0,"20":0,"21":1,"22":1,"23":1,"24":0,"25":0,"26":0,"27":1,"28":1,"29":0,"30":0,"31":0,"32":0,"33":0,"34":0,"35":0,"36":0,"37":0,"38":0,"39":0,"40":0,"41":0,"42":0,"43":0,"44":0,"45":0,"46":0,"47":0,"48":0,"49":0,"50":0,"51":1,"52":1,"53":1,"54":1,"55":1,"56":0,"57":0},"f":{"0":1,"1":0,"2":1,"3":1},"b":{"0":[0,1],"1":[0,1],"2":[1,1],"3":[0,1],"4":[0,0],"5":[0,1],"6":[0,0],"7":[0,0],"8":[0,0],"9":[0,0],"10":[0,0],"11":[0,0],"12":[0,1]},"meta":{"lastBranch":13,"lastFunction":4,"lastStatement":58,"seen":{"f:34:2:34:Infinity":0,"s:32:2:32:Infinity":0,"s:45:4:45:Infinity":1,"s:46:4:46:Infinity":2,"s:47:4:47:Infinity":3,"s:48:4:48:Infinity":4,"s:49:4:49:Infinity":5,"s:50:4:50:Infinity":6,"s:51:4:51:Infinity":7,"f:54:9:54:26":1,"s:55:4:55:Infinity":8,"f:61:15:61:39":2,"s:62:4:168:Infinity":9,"s:63:6:63:Infinity":10,"s:65:38:65:Infinity":11,"b:67:6:82:Infinity:79:13:82:Infinity":0,"s:67:6:82:Infinity":12,"s:68:8:70:Infinity":13,"s:71:8:75:Infinity":14,"s:76:8:78:Infinity":15,"s:80:8:80:Infinity":16,"s:81:8:81:Infinity":17,"b:84:6:87:Infinity:undefined:undefined:undefined:undefined":1,"s:84:6:87:Infinity":18,"b:84:10:84:23:84:23:84:46":2,"s:85:8:85:Infinity":19,"s:86:8:86:Infinity":20,"s:89:6:89:Infinity":21,"s:91:6:91:Infinity":22,"b:92:6:95:Infinity:undefined:undefined:undefined:undefined":3,"s:92:6:95:Infinity":23,"s:93:8:93:Infinity":24,"s:94:8:94:Infinity":25,"s:98:18:104:Infinity":26,"b:99:19:99:33:99:33:99:Infinity":4,"s:106:19:106:Infinity":27,"b:108:6:119:Infinity:undefined:undefined:undefined:undefined":5,"s:108:6:119:Infinity":28,"b:109:8:118:Infinity:undefined:undefined:undefined:undefined":6,"s:109:8:118:Infinity":29,"b:111:23:111:37:111:37:111:Infinity":7,"s:116:10:116:Infinity":30,"s:117:10:117:Infinity":31,"s:121:6:134:Infinity":32,"s:122:8:133:Infinity":33,"s:123:10:123:Infinity":34,"b:125:10:127:Infinity:undefined:undefined:undefined:undefined":8,"s:125:10:127:Infinity":35,"s:126:12:126:Infinity":36,"s:129:10:131:Infinity":37,"s:132:10:132:Infinity":38,"b:136:6:141:Infinity:138:13:141:Infinity":9,"s:136:6:141:Infinity":39,"s:137:8:137:Infinity":40,"s:139:8:139:Infinity":41,"s:140:8:140:Infinity":42,"s:143:6:143:Infinity":43,"s:144:6:147:Infinity":44,"b:148:6:153:Infinity:undefined:undefined:undefined:undefined":10,"s:148:6:153:Infinity":45,"s:149:8:152:Infinity":46,"s:154:6:154:Infinity":47,"b:155:6:157:Infinity:undefined:undefined:undefined:undefined":11,"s:155:6:157:Infinity":48,"s:156:8:156:Infinity":49,"s:159:6:159:Infinity":50,"s:161:6:166:Infinity":51,"s:167:6:167:Infinity":52,"f:171:9:171:35":3,"s:173:22:173:Infinity":53,"s:174:19:174:Infinity":54,"b:175:4:177:Infinity:undefined:undefined:undefined:undefined":12,"s:175:4:177:Infinity":55,"s:176:6:176:Infinity":56,"s:178:4:178:Infinity":57}}}
,"E:\\projects\\js\\svi\\packages\\svi\\src\\commands\\runner\\runStatistics.ts": {"path":"E:\\projects\\js\\svi\\packages\\svi\\src\\commands\\runner\\runStatistics.ts","statementMap":{"0":{"start":{"line":11,"column":2},"end":{"line":11,"column":null}},"1":{"start":{"line":12,"column":2},"end":{"line":12,"column":null}},"2":{"start":{"line":17,"column":4},"end":{"line":19,"column":null}},"3":{"start":{"line":18,"column":6},"end":{"line":18,"column":null}},"4":{"start":{"line":20,"column":4},"end":{"line":20,"column":null}},"5":{"start":{"line":24,"column":4},"end":{"line":24,"column":null}},"6":{"start":{"line":28,"column":4},"end":{"line":28,"column":null}},"7":{"start":{"line":32,"column":4},"end":{"line":32,"column":null}},"8":{"start":{"line":36,"column":4},"end":{"line":36,"column":null}},"9":{"start":{"line":40,"column":4},"end":{"line":40,"column":null}},"10":{"start":{"line":44,"column":4},"end":{"line":47,"column":null}},"11":{"start":{"line":45,"column":6},"end":{"line":45,"column":null}},"12":{"start":{"line":46,"column":6},"end":{"line":46,"column":null}},"13":{"start":{"line":49,"column":4},"end":{"line":49,"column":null}},"14":{"start":{"line":50,"column":4},"end":{"line":53,"column":null}},"15":{"start":{"line":51,"column":21},"end":{"line":51,"column":null}},"16":{"start":{"line":52,"column":6},"end":{"line":52,"column":null}},"17":{"start":{"line":57,"column":4},"end":{"line":59,"column":null}},"18":{"start":{"line":58,"column":6},"end":{"line":58,"column":null}},"19":{"start":{"line":60,"column":4},"end":{"line":60,"column":null}},"20":{"start":{"line":61,"column":4},"end":{"line":63,"column":null}},"21":{"start":{"line":62,"column":6},"end":{"line":62,"column":null}}},"fnMap":{"0":{"name":"(anonymous_0)","decl":{"start":{"line":14,"column":10},"end":{"line":14,"column":24}},"loc":{"start":{"line":14,"column":24},"end":{"line":14,"column":null}},"line":14},"1":{"name":"(anonymous_1)","decl":{"start":{"line":16,"column":16},"end":{"line":16,"column":45}},"loc":{"start":{"line":16,"column":45},"end":{"line":21,"column":null}},"line":16},"2":{"name":"(anonymous_2)","decl":{"start":{"line":23,"column":9},"end":{"line":23,"column":24}},"loc":{"start":{"line":23,"column":48},"end":{"line":25,"column":null}},"line":23},"3":{"name":"(anonymous_3)","decl":{"start":{"line":27,"column":9},"end":{"line":27,"column":24}},"loc":{"start":{"line":27,"column":48},"end":{"line":29,"column":null}},"line":27},"4":{"name":"(anonymous_4)","decl":{"start":{"line":31,"column":9},"end":{"line":31,"column":23}},"loc":{"start":{"line":31,"column":47},"end":{"line":33,"column":null}},"line":31},"5":{"name":"(anonymous_5)","decl":{"start":{"line":35,"column":9},"end":{"line":35,"column":42}},"loc":{"start":{"line":35,"column":42},"end":{"line":37,"column":null}},"line":35},"6":{"name":"(anonymous_6)","decl":{"start":{"line":39,"column":9},"end":{"line":39,"column":39}},"loc":{"start":{"line":39,"column":39},"end":{"line":41,"column":null}},"line":39},"7":{"name":"(anonymous_7)","decl":{"start":{"line":43,"column":9},"end":{"line":43,"column":33}},"loc":{"start":{"line":43,"column":33},"end":{"line":54,"column":null}},"line":43},"8":{"name":"(anonymous_8)","decl":{"start":{"line":56,"column":9},"end":{"line":56,"column":31}},"loc":{"start":{"line":56,"column":31},"end":{"line":64,"column":null}},"line":56}},"branchMap":{"0":{"loc":{"start":{"line":17,"column":4},"end":{"line":19,"column":null}},"type":"if","locations":[{"start":{"line":17,"column":4},"end":{"line":19,"column":null}},{"start":{},"end":{}}],"line":17},"1":{"loc":{"start":{"line":44,"column":4},"end":{"line":47,"column":null}},"type":"if","locations":[{"start":{"line":44,"column":4},"end":{"line":47,"column":null}},{"start":{},"end":{}}],"line":44},"2":{"loc":{"start":{"line":51,"column":21},"end":{"line":51,"column":null}},"type":"cond-expr","locations":[{"start":{"line":51,"column":37},"end":{"line":51,"column":49}},{"start":{"line":51,"column":49},"end":{"line":51,"column":null}}],"line":51},"3":{"loc":{"start":{"line":57,"column":4},"end":{"line":59,"column":null}},"type":"if","locations":[{"start":{"line":57,"column":4},"end":{"line":59,"column":null}},{"start":{},"end":{}}],"line":57}},"s":{"0":0,"1":0,"2":0,"3":0,"4":0,"5":0,"6":0,"7":0,"8":0,"9":0,"10":0,"11":0,"12":0,"13":0,"14":0,"15":0,"16":0,"17":0,"18":0,"19":0,"20":0,"21":0},"f":{"0":0,"1":1,"2":0,"3":0,"4":0,"5":0,"6":0,"7":0,"8":0},"b":{"0":[0,0],"1":[0,0],"2":[0,0],"3":[0,0]},"meta":{"lastBranch":4,"lastFunction":9,"lastStatement":22,"seen":{"f:14:10:14:24":0,"s:11:2:11:Infinity":0,"s:12:2:12:Infinity":1,"f:16:16:16:45":1,"b:17:4:19:Infinity:undefined:undefined:undefined:undefined":0,"s:17:4:19:Infinity":2,"s:18:6:18:Infinity":3,"s:20:4:20:Infinity":4,"f:23:9:23:24":2,"s:24:4:24:Infinity":5,"f:27:9:27:24":3,"s:28:4:28:Infinity":6,"f:31:9:31:23":4,"s:32:4:32:Infinity":7,"f:35:9:35:42":5,"s:36:4:36:Infinity":8,"f:39:9:39:39":6,"s:40:4:40:Infinity":9,"f:43:9:43:33":7,"b:44:4:47:Infinity:undefined:undefined:undefined:undefined":1,"s:44:4:47:Infinity":10,"s:45:6:45:Infinity":11,"s:46:6:46:Infinity":12,"s:49:4:49:Infinity":13,"s:50:4:53:Infinity":14,"s:51:21:51:Infinity":15,"b:51:37:51:49:51:49:51:Infinity":2,"s:52:6:52:Infinity":16,"f:56:9:56:31":8,"b:57:4:59:Infinity:undefined:undefined:undefined:undefined":3,"s:57:4:59:Infinity":17,"s:58:6:58:Infinity":18,"s:60:4:60:Infinity":19,"s:61:4:63:Infinity":20,"s:62:6:62:Infinity":21}}}
,"E:\\projects\\js\\svi\\packages\\svi\\src\\config\\config.ts": {"path":"E:\\projects\\js\\svi\\packages\\svi\\src\\config\\config.ts","statementMap":{"0":{"start":{"line":22,"column":2},"end":{"line":22,"column":null}},"1":{"start":{"line":35,"column":4},"end":{"line":37,"column":null}},"2":{"start":{"line":41,"column":4},"end":{"line":53,"column":null}},"3":{"start":{"line":42,"column":6},"end":{"line":44,"column":null}},"4":{"start":{"line":46,"column":6},"end":{"line":50,"column":null}},"5":{"start":{"line":47,"column":8},"end":{"line":47,"column":null}},"6":{"start":{"line":49,"column":8},"end":{"line":49,"column":null}},"7":{"start":{"line":52,"column":6},"end":{"line":52,"column":null}},"8":{"start":{"line":55,"column":4},"end":{"line":68,"column":null}},"9":{"start":{"line":56,"column":6},"end":{"line":58,"column":null}},"10":{"start":{"line":59,"column":29},"end":{"line":59,"column":null}},"11":{"start":{"line":60,"column":6},"end":{"line":67,"column":null}},"12":{"start":{"line":61,"column":8},"end":{"line":63,"column":null}},"13":{"start":{"line":64,"column":8},"end":{"line":64,"column":null}},"14":{"start":{"line":66,"column":8},"end":{"line":66,"column":null}},"15":{"start":{"line":70,"column":4},"end":{"line":78,"column":null}},"16":{"start":{"line":71,"column":6},"end":{"line":76,"column":null}},"17":{"start":{"line":77,"column":6},"end":{"line":77,"column":null}},"18":{"start":{"line":80,"column":4},"end":{"line":80,"column":null}},"19":{"start":{"line":81,"column":4},"end":{"line":81,"column":null}},"20":{"start":{"line":83,"column":4},"end":{"line":83,"column":null}},"21":{"start":{"line":85,"column":16},"end":{"line":85,"column":null}},"22":{"start":{"line":87,"column":4},"end":{"line":93,"column":null}},"23":{"start":{"line":88,"column":6},"end":{"line":88,"column":null}},"24":{"start":{"line":90,"column":6},"end":{"line":92,"column":null}},"25":{"start":{"line":95,"column":4},"end":{"line":95,"column":null}},"26":{"start":{"line":97,"column":4},"end":{"line":103,"column":null}},"27":{"start":{"line":113,"column":4},"end":{"line":115,"column":null}},"28":{"start":{"line":114,"column":6},"end":{"line":114,"column":null}},"29":{"start":{"line":116,"column":4},"end":{"line":116,"column":null}},"30":{"start":{"line":122,"column":4},"end":{"line":122,"column":null}},"31":{"start":{"line":126,"column":4},"end":{"line":126,"column":null}},"32":{"start":{"line":130,"column":4},"end":{"line":130,"column":null}},"33":{"start":{"line":134,"column":4},"end":{"line":134,"column":null}},"34":{"start":{"line":138,"column":4},"end":{"line":138,"column":null}},"35":{"start":{"line":142,"column":4},"end":{"line":142,"column":null}},"36":{"start":{"line":146,"column":19},"end":{"line":146,"column":null}},"37":{"start":{"line":147,"column":22},"end":{"line":147,"column":null}},"38":{"start":{"line":148,"column":4},"end":{"line":148,"column":null}}},"fnMap":{"0":{"name":"(anonymous_0)","decl":{"start":{"line":31,"column":10},"end":{"line":31,"column":null}},"loc":{"start":{"line":34,"column":4},"end":{"line":104,"column":null}},"line":34},"1":{"name":"(anonymous_1)","decl":{"start":{"line":109,"column":16},"end":{"line":109,"column":null}},"loc":{"start":{"line":112,"column":12},"end":{"line":117,"column":null}},"line":112},"2":{"name":"(anonymous_2)","decl":{"start":{"line":121,"column":13},"end":{"line":121,"column":28}},"loc":{"start":{"line":121,"column":28},"end":{"line":123,"column":null}},"line":121},"3":{"name":"(anonymous_3)","decl":{"start":{"line":125,"column":13},"end":{"line":125,"column":27}},"loc":{"start":{"line":125,"column":27},"end":{"line":127,"column":null}},"line":125},"4":{"name":"(anonymous_4)","decl":{"start":{"line":129,"column":13},"end":{"line":129,"column":31}},"loc":{"start":{"line":129,"column":31},"end":{"line":131,"column":null}},"line":129},"5":{"name":"(anonymous_5)","decl":{"start":{"line":133,"column":13},"end":{"line":133,"column":43}},"loc":{"start":{"line":133,"column":43},"end":{"line":135,"column":null}},"line":133},"6":{"name":"(anonymous_6)","decl":{"start":{"line":137,"column":13},"end":{"line":137,"column":37}},"loc":{"start":{"line":137,"column":37},"end":{"line":139,"column":null}},"line":137},"7":{"name":"(anonymous_7)","decl":{"start":{"line":141,"column":13},"end":{"line":141,"column":37}},"loc":{"start":{"line":141,"column":37},"end":{"line":143,"column":null}},"line":141},"8":{"name":"(anonymous_8)","decl":{"start":{"line":145,"column":10},"end":{"line":145,"column":38}},"loc":{"start":{"line":145,"column":77},"end":{"line":149,"column":null}},"line":145}},"branchMap":{"0":{"loc":{"start":{"line":32,"column":4},"end":{"line":32,"column":null}},"type":"default-arg","locations":[{"start":{"line":32,"column":23},"end":{"line":32,"column":null}}],"line":32},"1":{"loc":{"start":{"line":33,"column":4},"end":{"line":33,"column":null}},"type":"default-arg","locations":[{"start":{"line":33,"column":43},"end":{"line":33,"column":null}}],"line":33},"2":{"loc":{"start":{"line":41,"column":4},"end":{"line":53,"column":null}},"type":"if","locations":[{"start":{"line":41,"column":4},"end":{"line":53,"column":null}},{"start":{"line":51,"column":11},"end":{"line":53,"column":null}}],"line":41},"3":{"loc":{"start":{"line":46,"column":6},"end":{"line":50,"column":null}},"type":"if","locations":[{"start":{"line":46,"column":6},"end":{"line":50,"column":null}},{"start":{"line":48,"column":13},"end":{"line":50,"column":null}}],"line":46},"4":{"loc":{"start":{"line":55,"column":4},"end":{"line":68,"column":null}},"type":"if","locations":[{"start":{"line":55,"column":4},"end":{"line":68,"column":null}},{"start":{},"end":{}}],"line":55},"5":{"loc":{"start":{"line":55,"column":8},"end":{"line":55,"column":69}},"type":"binary-expr","locations":[{"start":{"line":55,"column":8},"end":{"line":55,"column":40}},{"start":{"line":55,"column":40},"end":{"line":55,"column":69}}],"line":55},"6":{"loc":{"start":{"line":60,"column":6},"end":{"line":67,"column":null}},"type":"if","locations":[{"start":{"line":60,"column":6},"end":{"line":67,"column":null}},{"start":{"line":65,"column":13},"end":{"line":67,"column":null}}],"line":60},"7":{"loc":{"start":{"line":70,"column":4},"end":{"line":78,"column":null}},"type":"if","locations":[{"start":{"line":70,"column":4},"end":{"line":78,"column":null}},{"start":{},"end":{}}],"line":70},"8":{"loc":{"start":{"line":113,"column":4},"end":{"line":115,"column":null}},"type":"if","locations":[{"start":{"line":113,"column":4},"end":{"line":115,"column":null}},{"start":{},"end":{}}],"line":113}},"s":{"0":1,"1":1,"2":1,"3":0,"4":0,"5":0,"6":0,"7":1,"8":1,"9":0,"10":0,"11":0,"12":0,"13":0,"14":0,"15":1,"16":0,"17":0,"18":1,"19":1,"20":1,"21":1,"22":1,"23":1,"24":0,"25":1,"26":1,"27":3,"28":1,"29":3,"30":0,"31":2,"32":1,"33":1,"34":1,"35":1,"36":0,"37":0,"38":0},"f":{"0":1,"1":1,"2":0,"3":2,"4":1,"5":1,"6":1,"7":1,"8":0},"b":{"0":[1],"1":[1],"2":[0,1],"3":[0,0],"4":[0,1],"5":[1,0],"6":[0,0],"7":[0,1],"8":[1,2]},"meta":{"lastBranch":9,"lastFunction":9,"lastStatement":39,"seen":{"s:22:2:22:Infinity":0,"f:31:10:31:Infinity":0,"b:32:23:32:Infinity":0,"b:33:43:33:Infinity":1,"s:35:4:37:Infinity":1,"b:41:4:53:Infinity:51:11:53:Infinity":2,"s:41:4:53:Infinity":2,"s:42:6:44:Infinity":3,"b:46:6:50:Infinity:48:13:50:Infinity":3,"s:46:6:50:Infinity":4,"s:47:8:47:Infinity":5,"s:49:8:49:Infinity":6,"s:52:6:52:Infinity":7,"b:55:4:68:Infinity:undefined:undefined:undefined:undefined":4,"s:55:4:68:Infinity":8,"b:55:8:55:40:55:40:55:69":5,"s:56:6:58:Infinity":9,"s:59:29:59:Infinity":10,"b:60:6:67:Infinity:65:13:67:Infinity":6,"s:60:6:67:Infinity":11,"s:61:8:63:Infinity":12,"s:64:8:64:Infinity":13,"s:66:8:66:Infinity":14,"b:70:4:78:Infinity:undefined:undefined:undefined:undefined":7,"s:70:4:78:Infinity":15,"s:71:6:76:Infinity":16,"s:77:6:77:Infinity":17,"s:80:4:80:Infinity":18,"s:81:4:81:Infinity":19,"s:83:4:83:Infinity":20,"s:85:16:85:Infinity":21,"s:87:4:93:Infinity":22,"s:88:6:88:Infinity":23,"s:90:6:92:Infinity":24,"s:95:4:95:Infinity":25,"s:97:4:103:Infinity":26,"f:109:16:109:Infinity":1,"b:113:4:115:Infinity:undefined:undefined:undefined:undefined":8,"s:113:4:115:Infinity":27,"s:114:6:114:Infinity":28,"s:116:4:116:Infinity":29,"f:121:13:121:28":2,"s:122:4:122:Infinity":30,"f:125:13:125:27":3,"s:126:4:126:Infinity":31,"f:129:13:129:31":4,"s:130:4:130:Infinity":32,"f:133:13:133:43":5,"s:134:4:134:Infinity":33,"f:137:13:137:37":6,"s:138:4:138:Infinity":34,"f:141:13:141:37":7,"s:142:4:142:Infinity":35,"f:145:10:145:38":8,"s:146:19:146:Infinity":36,"s:147:22:147:Infinity":37,"s:148:4:148:Infinity":38}}}
,"E:\\projects\\js\\svi\\packages\\svi\\src\\config\\configFinder.ts": {"path":"E:\\projects\\js\\svi\\packages\\svi\\src\\config\\configFinder.ts","statementMap":{"0":{"start":{"line":13,"column":31},"end":{"line":13,"column":null}},"1":{"start":{"line":14,"column":28},"end":{"line":14,"column":null}},"2":{"start":{"line":19,"column":44},"end":{"line":19,"column":null}},"3":{"start":{"line":21,"column":8},"end":{"line":30,"column":null}},"4":{"start":{"line":22,"column":35},"end":{"line":22,"column":null}},"5":{"start":{"line":24,"column":12},"end":{"line":26,"column":null}},"6":{"start":{"line":25,"column":16},"end":{"line":25,"column":null}},"7":{"start":{"line":28,"column":12},"end":{"line":28,"column":null}},"8":{"start":{"line":29,"column":12},"end":{"line":29,"column":null}},"9":{"start":{"line":34,"column":8},"end":{"line":34,"column":null}}},"fnMap":{"0":{"name":"(anonymous_0)","decl":{"start":{"line":12,"column":4},"end":{"line":12,"column":19}},"loc":{"start":{"line":12,"column":58},"end":{"line":35,"column":null}},"line":12}},"branchMap":{"0":{"loc":{"start":{"line":24,"column":12},"end":{"line":26,"column":null}},"type":"if","locations":[{"start":{"line":24,"column":12},"end":{"line":26,"column":null}},{"start":{},"end":{}}],"line":24}},"s":{"0":0,"1":0,"2":0,"3":0,"4":0,"5":0,"6":0,"7":0,"8":0,"9":0},"f":{"0":0},"b":{"0":[0,0]},"meta":{"lastBranch":1,"lastFunction":1,"lastStatement":10,"seen":{"f:12:4:12:19":0,"s:13:31:13:Infinity":0,"s:14:28:14:Infinity":1,"s:19:44:19:Infinity":2,"s:21:8:30:Infinity":3,"s:22:35:22:Infinity":4,"b:24:12:26:Infinity:undefined:undefined:undefined:undefined":0,"s:24:12:26:Infinity":5,"s:25:16:25:Infinity":6,"s:28:12:28:Infinity":7,"s:29:12:29:Infinity":8,"s:34:8:34:Infinity":9}}}
,"E:\\projects\\js\\svi\\packages\\svi\\src\\llm\\llm.ts": {"path":"E:\\projects\\js\\svi\\packages\\svi\\src\\llm\\llm.ts","statementMap":{"0":{"start":{"line":22,"column":4},"end":{"line":22,"column":null}},"1":{"start":{"line":30,"column":27},"end":{"line":30,"column":null}},"2":{"start":{"line":35,"column":4},"end":{"line":37,"column":null}},"3":{"start":{"line":39,"column":4},"end":{"line":41,"column":null}},"4":{"start":{"line":40,"column":6},"end":{"line":40,"column":null}},"5":{"start":{"line":43,"column":4},"end":{"line":52,"column":null}},"6":{"start":{"line":44,"column":6},"end":{"line":44,"column":null}},"7":{"start":{"line":45,"column":6},"end":{"line":47,"column":null}},"8":{"start":{"line":48,"column":6},"end":{"line":50,"column":null}},"9":{"start":{"line":51,"column":6},"end":{"line":51,"column":null}},"10":{"start":{"line":54,"column":4},"end":{"line":54,"column":null}},"11":{"start":{"line":56,"column":4},"end":{"line":58,"column":null}},"12":{"start":{"line":57,"column":6},"end":{"line":57,"column":null}},"13":{"start":{"line":60,"column":4},"end":{"line":62,"column":null}},"14":{"start":{"line":64,"column":4},"end":{"line":64,"column":null}},"15":{"start":{"line":66,"column":4},"end":{"line":66,"column":null}},"16":{"start":{"line":68,"column":4},"end":{"line":94,"column":null}},"17":{"start":{"line":69,"column":6},"end":{"line":71,"column":null}},"18":{"start":{"line":73,"column":22},"end":{"line":75,"column":null}},"19":{"start":{"line":80,"column":6},"end":{"line":80,"column":null}},"20":{"start":{"line":82,"column":6},"end":{"line":84,"column":null}},"21":{"start":{"line":83,"column":8},"end":{"line":83,"column":null}},"22":{"start":{"line":86,"column":6},"end":{"line":93,"column":null}},"23":{"start":{"line":87,"column":8},"end":{"line":89,"column":null}},"24":{"start":{"line":90,"column":8},"end":{"line":92,"column":null}},"25":{"start":{"line":96,"column":4},"end":{"line":99,"column":null}},"26":{"start":{"line":97,"column":6},"end":{"line":97,"column":null}},"27":{"start":{"line":98,"column":6},"end":{"line":98,"column":null}},"28":{"start":{"line":101,"column":4},"end":{"line":103,"column":null}},"29":{"start":{"line":102,"column":6},"end":{"line":102,"column":null}},"30":{"start":{"line":107,"column":4},"end":{"line":124,"column":null}},"31":{"start":{"line":108,"column":6},"end":{"line":108,"column":null}},"32":{"start":{"line":109,"column":18},"end":{"line":109,"column":null}},"33":{"start":{"line":110,"column":6},"end":{"line":112,"column":null}},"34":{"start":{"line":111,"column":8},"end":{"line":111,"column":null}},"35":{"start":{"line":114,"column":6},"end":{"line":114,"column":null}},"36":{"start":{"line":116,"column":6},"end":{"line":116,"column":null}},"37":{"start":{"line":117,"column":6},"end":{"line":117,"column":null}},"38":{"start":{"line":121,"column":6},"end":{"line":121,"column":null}},"39":{"start":{"line":122,"column":6},"end":{"line":122,"column":null}},"40":{"start":{"line":123,"column":6},"end":{"line":123,"column":null}},"41":{"start":{"line":127,"column":4},"end":{"line":130,"column":null}},"42":{"start":{"line":128,"column":6},"end":{"line":128,"column":null}},"43":{"start":{"line":129,"column":6},"end":{"line":129,"column":null}},"44":{"start":{"line":133,"column":4},"end":{"line":140,"column":null}},"45":{"start":{"line":134,"column":6},"end":{"line":134,"column":null}},"46":{"start":{"line":135,"column":19},"end":{"line":135,"column":null}},"47":{"start":{"line":136,"column":6},"end":{"line":138,"column":null}},"48":{"start":{"line":137,"column":8},"end":{"line":137,"column":null}},"49":{"start":{"line":139,"column":6},"end":{"line":139,"column":null}},"50":{"start":{"line":143,"column":4},"end":{"line":148,"column":null}},"51":{"start":{"line":144,"column":6},"end":{"line":146,"column":null}},"52":{"start":{"line":147,"column":6},"end":{"line":147,"column":null}},"53":{"start":{"line":151,"column":4},"end":{"line":151,"column":null}},"54":{"start":{"line":152,"column":4},"end":{"line":152,"column":null}},"55":{"start":{"line":156,"column":4},"end":{"line":156,"column":null}},"56":{"start":{"line":160,"column":4},"end":{"line":160,"column":null}},"57":{"start":{"line":164,"column":4},"end":{"line":164,"column":null}},"58":{"start":{"line":170,"column":4},"end":{"line":170,"column":null}}},"fnMap":{"0":{"name":"(anonymous_0)","decl":{"start":{"line":21,"column":2},"end":{"line":21,"column":14}},"loc":{"start":{"line":21,"column":37},"end":{"line":23,"column":null}},"line":21},"1":{"name":"(anonymous_1)","decl":{"start":{"line":25,"column":15},"end":{"line":25,"column":null}},"loc":{"start":{"line":29,"column":21},"end":{"line":153,"column":null}},"line":29},"2":{"name":"(anonymous_2)","decl":{"start":{"line":155,"column":9},"end":{"line":155,"column":34}},"loc":{"start":{"line":155,"column":34},"end":{"line":157,"column":null}},"line":155},"3":{"name":"(anonymous_3)","decl":{"start":{"line":159,"column":9},"end":{"line":159,"column":29}},"loc":{"start":{"line":159,"column":53},"end":{"line":165,"column":null}},"line":159},"4":{"name":"(anonymous_4)","decl":{"start":{"line":167,"column":22},"end":{"line":167,"column":null}},"loc":{"start":{"line":169,"column":28},"end":{"line":171,"column":null}},"line":169}},"branchMap":{"0":{"loc":{"start":{"line":39,"column":4},"end":{"line":41,"column":null}},"type":"if","locations":[{"start":{"line":39,"column":4},"end":{"line":41,"column":null}},{"start":{},"end":{}}],"line":39},"1":{"loc":{"start":{"line":43,"column":4},"end":{"line":52,"column":null}},"type":"if","locations":[{"start":{"line":43,"column":4},"end":{"line":52,"column":null}},{"start":{},"end":{}}],"line":43},"2":{"loc":{"start":{"line":56,"column":4},"end":{"line":58,"column":null}},"type":"if","locations":[{"start":{"line":56,"column":4},"end":{"line":58,"column":null}},{"start":{},"end":{}}],"line":56},"3":{"loc":{"start":{"line":68,"column":4},"end":{"line":94,"column":null}},"type":"if","locations":[{"start":{"line":68,"column":4},"end":{"line":94,"column":null}},{"start":{},"end":{}}],"line":68},"4":{"loc":{"start":{"line":82,"column":6},"end":{"line":84,"column":null}},"type":"if","locations":[{"start":{"line":82,"column":6},"end":{"line":84,"column":null}},{"start":{},"end":{}}],"line":82},"5":{"loc":{"start":{"line":86,"column":6},"end":{"line":93,"column":null}},"type":"if","locations":[{"start":{"line":86,"column":6},"end":{"line":93,"column":null}},{"start":{},"end":{}}],"line":86},"6":{"loc":{"start":{"line":96,"column":4},"end":{"line":99,"column":null}},"type":"if","locations":[{"start":{"line":96,"column":4},"end":{"line":99,"column":null}},{"start":{},"end":{}}],"line":96},"7":{"loc":{"start":{"line":101,"column":4},"end":{"line":103,"column":null}},"type":"if","locations":[{"start":{"line":101,"column":4},"end":{"line":103,"column":null}},{"start":{},"end":{}}],"line":101},"8":{"loc":{"start":{"line":101,"column":8},"end":{"line":101,"column":61}},"type":"binary-expr","locations":[{"start":{"line":101,"column":8},"end":{"line":101,"column":31}},{"start":{"line":101,"column":31},"end":{"line":101,"column":61}}],"line":101},"9":{"loc":{"start":{"line":110,"column":6},"end":{"line":112,"column":null}},"type":"if","locations":[{"start":{"line":110,"column":6},"end":{"line":112,"column":null}},{"start":{},"end":{}}],"line":110},"10":{"loc":{"start":{"line":127,"column":4},"end":{"line":130,"column":null}},"type":"if","locations":[{"start":{"line":127,"column":4},"end":{"line":130,"column":null}},{"start":{},"end":{}}],"line":127},"11":{"loc":{"start":{"line":133,"column":4},"end":{"line":140,"column":null}},"type":"if","locations":[{"start":{"line":133,"column":4},"end":{"line":140,"column":null}},{"start":{},"end":{}}],"line":133},"12":{"loc":{"start":{"line":143,"column":4},"end":{"line":148,"column":null}},"type":"if","locations":[{"start":{"line":143,"column":4},"end":{"line":148,"column":null}},{"start":{},"end":{}}],"line":143},"13":{"loc":{"start":{"line":143,"column":8},"end":{"line":143,"column":67}},"type":"binary-expr","locations":[{"start":{"line":143,"column":8},"end":{"line":143,"column":30}},{"start":{"line":143,"column":30},"end":{"line":143,"column":67}}],"line":143}},"s":{"0":0,"1":0,"2":0,"3":0,"4":0,"5":0,"6":0,"7":0,"8":0,"9":0,"10":0,"11":0,"12":0,"13":0,"14":0,"15":0,"16":0,"17":0,"18":0,"19":0,"20":0,"21":0,"22":0,"23":0,"24":0,"25":0,"26":0,"27":0,"28":0,"29":0,"30":0,"31":0,"32":0,"33":0,"34":0,"35":0,"36":0,"37":0,"38":0,"39":0,"40":0,"41":0,"42":0,"43":0,"44":0,"45":0,"46":0,"47":0,"48":0,"49":0,"50":0,"51":0,"52":0,"53":0,"54":0,"55":0,"56":0,"57":0,"58":0},"f":{"0":0,"1":0,"2":0,"3":0,"4":1},"b":{"0":[0,0],"1":[0,0],"2":[0,0],"3":[0,0],"4":[0,0],"5":[0,0],"6":[0,0],"7":[0,0],"8":[0,0],"9":[0,0],"10":[0,0],"11":[0,0],"12":[0,0],"13":[0,0]},"meta":{"lastBranch":14,"lastFunction":5,"lastStatement":59,"seen":{"f:21:2:21:14":0,"s:22:4:22:Infinity":0,"f:25:15:25:Infinity":1,"s:30:27:30:Infinity":1,"s:35:4:37:Infinity":2,"b:39:4:41:Infinity:undefined:undefined:undefined:undefined":0,"s:39:4:41:Infinity":3,"s:40:6:40:Infinity":4,"b:43:4:52:Infinity:undefined:undefined:undefined:undefined":1,"s:43:4:52:Infinity":5,"s:44:6:44:Infinity":6,"s:45:6:47:Infinity":7,"s:48:6:50:Infinity":8,"s:51:6:51:Infinity":9,"s:54:4:54:Infinity":10,"b:56:4:58:Infinity:undefined:undefined:undefined:undefined":2,"s:56:4:58:Infinity":11,"s:57:6:57:Infinity":12,"s:60:4:62:Infinity":13,"s:64:4:64:Infinity":14,"s:66:4:66:Infinity":15,"b:68:4:94:Infinity:undefined:undefined:undefined:undefined":3,"s:68:4:94:Infinity":16,"s:69:6:71:Infinity":17,"s:73:22:75:Infinity":18,"s:80:6:80:Infinity":19,"b:82:6:84:Infinity:undefined:undefined:undefined:undefined":4,"s:82:6:84:Infinity":20,"s:83:8:83:Infinity":21,"b:86:6:93:Infinity:undefined:undefined:undefined:undefined":5,"s:86:6:93:Infinity":22,"s:87:8:89:Infinity":23,"s:90:8:92:Infinity":24,"b:96:4:99:Infinity:undefined:undefined:undefined:undefined":6,"s:96:4:99:Infinity":25,"s:97:6:97:Infinity":26,"s:98:6:98:Infinity":27,"b:101:4:103:Infinity:undefined:undefined:undefined:undefined":7,"s:101:4:103:Infinity":28,"b:101:8:101:31:101:31:101:61":8,"s:102:6:102:Infinity":29,"s:107:4:124:Infinity":30,"s:108:6:108:Infinity":31,"s:109:18:109:Infinity":32,"b:110:6:112:Infinity:undefined:undefined:undefined:undefined":9,"s:110:6:112:Infinity":33,"s:111:8:111:Infinity":34,"s:114:6:114:Infinity":35,"s:116:6:116:Infinity":36,"s:117:6:117:Infinity":37,"s:121:6:121:Infinity":38,"s:122:6:122:Infinity":39,"s:123:6:123:Infinity":40,"b:127:4:130:Infinity:undefined:undefined:undefined:undefined":10,"s:127:4:130:Infinity":41,"s:128:6:128:Infinity":42,"s:129:6:129:Infinity":43,"b:133:4:140:Infinity:undefined:undefined:undefined:undefined":11,"s:133:4:140:Infinity":44,"s:134:6:134:Infinity":45,"s:135:19:135:Infinity":46,"s:136:6:138:Infinity":47,"s:137:8:137:Infinity":48,"s:139:6:139:Infinity":49,"b:143:4:148:Infinity:undefined:undefined:undefined:undefined":12,"s:143:4:148:Infinity":50,"b:143:8:143:30:143:30:143:67":13,"s:144:6:146:Infinity":51,"s:147:6:147:Infinity":52,"s:151:4:151:Infinity":53,"s:152:4:152:Infinity":54,"f:155:9:155:34":2,"s:156:4:156:Infinity":55,"f:159:9:159:29":3,"s:160:4:160:Infinity":56,"s:164:4:164:Infinity":57,"f:167:22:167:Infinity":4,"s:170:4:170:Infinity":58}}}
[...]
lumn":6},"end":{"line":130,"column":null}},"type":"if","locations":[{"start":{"line":130,"column":6},"end":{"line":130,"column":null}},{"start":{},"end":{}}],"line":130},"24":{"loc":{"start":{"line":130,"column":10},"end":{"line":130,"column":71}},"type":"binary-expr","locations":[{"start":{"line":130,"column":10},"end":{"line":130,"column":30}},{"start":{"line":130,"column":30},"end":{"line":130,"column":55}},{"start":{"line":130,"column":55},"end":{"line":130,"column":71}}],"line":130},"25":{"loc":{"start":{"line":131,"column":6},"end":{"line":147,"column":null}},"type":"if","locations":[{"start":{"line":131,"column":6},"end":{"line":147,"column":null}},{"start":{"line":133,"column":13},"end":{"line":147,"column":null}}],"line":131},"26":{"loc":{"start":{"line":134,"column":8},"end":{"line":146,"column":null}},"type":"if","locations":[{"start":{"line":134,"column":8},"end":{"line":146,"column":null}},{"start":{"line":139,"column":8},"end":{"line":146,"column":null}}],"line":134},"27":{"loc":{"start":{"line":135,"column":10},"end":{"line":136,"column":null}},"type":"binary-expr","locations":[{"start":{"line":135,"column":10},"end":{"line":135,"column":null}},{"start":{"line":136,"column":10},"end":{"line":136,"column":null}}],"line":135},"28":{"loc":{"start":{"line":139,"column":8},"end":{"line":146,"column":null}},"type":"if","locations":[{"start":{"line":139,"column":8},"end":{"line":146,"column":null}},{"start":{"line":144,"column":15},"end":{"line":146,"column":null}}],"line":139},"29":{"loc":{"start":{"line":140,"column":10},"end":{"line":141,"column":null}},"type":"binary-expr","locations":[{"start":{"line":140,"column":10},"end":{"line":140,"column":null}},{"start":{"line":141,"column":10},"end":{"line":141,"column":null}}],"line":140},"30":{"loc":{"start":{"line":158,"column":4},"end":{"line":160,"column":null}},"type":"if","locations":[{"start":{"line":158,"column":4},"end":{"line":160,"column":null}},{"start":{},"end":{}}],"line":158},"31":{"loc":{"start":{"line":172,"column":4},"end":{"line":172,"column":null}},"type":"if","locations":[{"start":{"line":172,"column":4},"end":{"line":172,"column":null}},{"start":{},"end":{}}],"line":172},"32":{"loc":{"start":{"line":179,"column":4},"end":{"line":184,"column":null}},"type":"if","locations":[{"start":{"line":179,"column":4},"end":{"line":184,"column":null}},{"start":{},"end":{}}],"line":179},"33":{"loc":{"start":{"line":180,"column":6},"end":{"line":181,"column":null}},"type":"binary-expr","locations":[{"start":{"line":180,"column":6},"end":{"line":180,"column":null}},{"start":{"line":181,"column":6},"end":{"line":181,"column":null}}],"line":180},"34":{"loc":{"start":{"line":188,"column":6},"end":{"line":190,"column":null}},"type":"binary-expr","locations":[{"start":{"line":188,"column":6},"end":{"line":188,"column":null}},{"start":{"line":189,"column":6},"end":{"line":189,"column":null}},{"start":{"line":190,"column":6},"end":{"line":190,"column":null}}],"line":188},"35":{"loc":{"start":{"line":204,"column":11},"end":{"line":206,"column":null}},"type":"cond-expr","locations":[{"start":{"line":205,"column":8},"end":{"line":205,"column":null}},{"start":{"line":206,"column":8},"end":{"line":206,"column":null}}],"line":204},"36":{"loc":{"start":{"line":256,"column":12},"end":{"line":256,"column":null}},"type":"default-arg","locations":[{"start":{"line":256,"column":32},"end":{"line":256,"column":null}}],"line":256},"37":{"loc":{"start":{"line":281,"column":4},"end":{"line":281,"column":null}},"type":"default-arg","locations":[{"start":{"line":281,"column":52},"end":{"line":281,"column":null}}],"line":281},"38":{"loc":{"start":{"line":283,"column":45},"end":{"line":283,"column":72}},"type":"binary-expr","locations":[{"start":{"line":283,"column":45},"end":{"line":283,"column":60}},{"start":{"line":283,"column":60},"end":{"line":283,"column":72}}],"line":283},"39":{"loc":{"start":{"line":285,"column":26},"end":{"line":285,"column":null}},"type":"cond-expr","locations":[{"start":{"line":285,"column":52},"end":{"line":285,"column":63}},{"start":{"line":285,"column":63},"end":{"line":285,"column":null}}],"line":285},"40":{"loc":{"start":{"line":290,"column":34},"end":{"line":292,"column":null}},"type":"cond-expr","locations":[{"start":{"line":291,"column":10},"end":{"line":291,"column":null}},{"start":{"line":292,"column":10},"end":{"line":292,"column":null}}],"line":290},"41":{"loc":{"start":{"line":298,"column":8},"end":{"line":307,"column":null}},"type":"if","locations":[{"start":{"line":298,"column":8},"end":{"line":307,"column":null}},{"start":{},"end":{}}],"line":298},"42":{"loc":{"start":{"line":300,"column":10},"end":{"line":305,"column":null}},"type":"if","locations":[{"start":{"line":300,"column":10},"end":{"line":305,"column":null}},{"start":{"line":302,"column":17},"end":{"line":305,"column":null}}],"line":300}},"s":{"0":1,"1":3,"2":0,"3":3,"4":0,"5":3,"6":0,"7":3,"8":6,"9":6,"10":6,"11":6,"12":6,"13":6,"14":6,"15":6,"16":6,"17":6,"18":6,"19":6,"20":6,"21":11,"22":6,"23":6,"24":0,"25":6,"26":6,"27":6,"28":11,"29":0,"30":11,"31":0,"32":0,"33":0,"34":0,"35":11,"36":6,"37":6,"38":6,"39":6,"40":6,"41":6,"42":0,"43":0,"44":0,"45":0,"46":0,"47":6,"48":0,"49":6,"50":1,"51":0,"52":1,"53":1,"54":1,"55":0,"56":1,"57":0,"58":1,"59":0,"60":1,"61":0,"62":1,"63":1,"64":1,"65":0,"66":1,"67":0,"68":0,"69":0,"70":0,"71":0,"72":0,"73":0,"74":0,"75":0,"76":0,"77":0,"78":0,"79":0,"80":0,"81":0,"82":0,"83":0,"84":0,"85":0,"86":1,"87":1,"88":1,"89":1,"90":3,"91":1,"92":1,"93":1,"94":1,"95":1,"96":1,"97":1,"98":3,"99":3,"100":3,"101":0,"102":3,"103":1,"104":1},"f":{"0":1,"1":1,"2":11,"3":1,"4":1,"5":1,"6":1,"7":1,"8":3,"9":1},"b":{"0":[0,3],"1":[0,3],"2":[0,3],"3":[3,3],"4":[6,0],"5":[6,0],"6":[6,0],"7":[0,6],"8":[0,11],"9":[0,11],"10":[0,0],"11":[0,0],"12":[0,0],"13":[0,0],"14":[6,0],"15":[6,0],"16":[0,6],"17":[0,0],"18":[0,0],"19":[0,6],"20":[6,6,0,0],"21":[0,1],"22":[1,0],"23":[0,1],"24":[1,1,1],"25":[0,1],"26":[0,1],"27":[1,0],"28":[0,1],"29":[1,1],"30":[0,1],"31":[0,0],"32":[0,0],"33":[0,0],"34":[0,0,0],"35":[0,0],"36":[1],"37":[1],"38":[1,0],"39":[1,0],"40":[0,1],"41":[3,0],"42":[3,0]},"meta":{"lastBranch":43,"lastFunction":10,"lastStatement":105,"seen":{"s:13:2:13:Infinity":0,"f:19:9:19:20":0,"b:20:4:20:Infinity:undefined:undefined:undefined:undefined":0,"s:20:4:20:Infinity":1,"s:20:15:20:Infinity":2,"b:22:4:24:Infinity:undefined:undefined:undefined:undefined":1,"s:22:4:24:Infinity":3,"s:23:6:23:Infinity":4,"b:26:4:28:Infinity:undefined:undefined:undefined:undefined":2,"s:26:4:28:Infinity":5,"b:26:8:26:42:26:42:26:65":3,"s:27:6:27:Infinity":6,"s:29:4:29:Infinity":7,"f:36:17:36:27":1,"s:41:4:41:Infinity":8,"s:42:16:42:Infinity":9,"s:43:15:43:Infinity":10,"s:44:29:44:Infinity":11,"s:46:23:46:Infinity":12,"b:47:4:50:Infinity:undefined:undefined:undefined:undefined":4,"s:47:4:50:Infinity":13,"s:48:6:48:Infinity":14,"s:49:6:49:Infinity":15,"b:52:4:55:Infinity:undefined:undefined:undefined:undefined":5,"s:52:4:55:Infinity":16,"s:53:6:53:Infinity":17,"s:54:6:54:Infinity":18,"b:57:4:59:Infinity:undefined:undefined:undefined:undefined":6,"s:57:4:59:Infinity":19,"s:58:6:58:Infinity":20,"f:58:50:58:51":2,"s:58:57:58:69":21,"s:61:4:61:Infinity":22,"f:67:9:67:19":3,"b:68:4:68:Infinity:undefined:undefined:undefined:undefined":7,"s:68:4:68:Infinity":23,"s:68:15:68:Infinity":24,"s:70:38:70:Infinity":25,"s:71:39:71:Infinity":26,"s:73:4:90:Infinity":27,"b:74:6:76:Infinity:undefined:undefined:undefined:undefined":8,"s:74:6:76:Infinity":28,"s:75:8:75:Infinity":29,"b:77:6:89:Infinity:87:13:89:Infinity":9,"s:77:6:89:Infinity":30,"b:78:8:86:Infinity:83:8:86:Infinity":10,"s:78:8:86:Infinity":31,"b:79:10:79:Infinity:80:10:80:Infinity":11,"s:82:10:82:Infinity":32,"b:83:8:86:Infinity:undefined:undefined:undefined:undefined":12,"s:83:8:86:Infinity":33,"b:83:19:83:29:83:29:83:36":13,"s:85:10:85:Infinity":34,"s:88:8:88:Infinity":35,"s:92:17:92:Infinity":36,"b:94:4:96:Infinity:undefined:undefined:undefined:undefined":14,"s:94:4:96:Infinity":37,"s:95:6:95:Infinity":38,"b:97:4:99:Infinity:undefined:undefined:undefined:undefined":15,"s:97:4:99:Infinity":39,"s:98:6:98:Infinity":40,"b:102:4:106:Infinity:undefined:undefined:undefined:undefined":16,"s:102:4:106:Infinity":41,"b:103:6:103:Infinity:undefined:undefined:undefined:undefined":17,"s:103:6:103:Infinity":42,"s:103:17:103:Infinity":43,"b:104:6:104:Infinity:undefined:undefined:undefined:undefined":18,"s:104:6:104:Infinity":44,"s:104:16:104:Infinity":45,"s:105:6:105:Infinity":46,"b:109:4:116:Infinity:undefined:undefined:undefined:undefined":19,"s:109:4:116:Infinity":47,"b:110:6:110:Infinity:111:6:111:Infinity:112:6:112:Infinity:113:6:113:Infinity":20,"s:115:6:115:Infinity":48,"s:118:4:118:Infinity":49,"f:125:9:125:17":4,"b:126:4:126:Infinity:undefined:undefined:undefined:undefined":21,"s:126:4:126:Infinity":50,"s:126:31:126:Infinity":51,"s:127:19:127:Infinity":52,"b:127:19:127:39:127:39:127:Infinity":22,"s:129:4:148:Infinity":53,"b:130:6:130:Infinity:undefined:undefined:undefined:undefined":23,"s:130:6:130:Infinity":54,"b:130:10:130:30:130:30:130:55:130:55:130:71":24,"s:130:71:130:Infinity":55,"b:131:6:147:Infinity:133:13:147:Infinity":25,"s:131:6:147:Infinity":56,"s:132:8:132:Infinity":57,"b:134:8:146:Infinity:139:8:146:Infinity":26,"s:134:8:146:Infinity":58,"b:135:10:135:Infinity:136:10:136:Infinity":27,"s:138:10:138:Infinity":59,"b:139:8:146:Infinity:144:15:146:Infinity":28,"s:139:8:146:Infinity":60,"b:140:10:140:Infinity:141:10:141:Infinity":29,"s:143:10:143:Infinity":61,"s:145:10:145:Infinity":62,"s:149:4:149:Infinity":63,"f:157:9:157:17":5,"b:158:4:160:Infinity:undefined:undefined:undefined:undefined":30,"s:158:4:160:Infinity":64,"s:159:6:159:Infinity":65,"s:161:4:161:Infinity":66,"f:168:9:168:18":6,"s:169:27:169:Infinity":67,"s:170:25:170:Infinity":68,"b:172:4:172:Infinity:undefined:undefined:undefined:undefined":31,"s:172:4:172:Infinity":69,"s:172:41:172:Infinity":70,"s:174:23:174:Infinity":71,"s:175:21:175:Infinity":72,"b:179:4:184:Infinity:undefined:undefined:undefined:undefined":32,"s:179:4:184:Infinity":73,"b:180:6:180:Infinity:181:6:181:Infinity":33,"s:183:6:183:Infinity":74,"s:186:23:186:Infinity":75,"s:187:4:193:Infinity":76,"b:188:6:188:Infinity:189:6:189:Infinity:190:6:190:Infinity":34,"s:192:6:192:Infinity":77,"s:195:15:195:Infinity":78,"s:196:17:196:Infinity":79,"s:198:39:198:Infinity":80,"s:199:4:201:Infinity":81,"s:199:17:199:20":82,"s:200:6:200:Infinity":83,"s:202:4:202:Infinity":84,"s:204:4:206:Infinity":85,"b:205:8:205:Infinity:206:8:206:Infinity":35,"f:255:2:255:Infinity":7,"b:256:32:256:Infinity":36,"s:256:12:256:32":86,"s:257:12:257:Infinity":87,"s:260:4:260:Infinity":88,"s:261:4:264:Infinity":89,"f:261:27:261:28":8,"s:261:38:264:6":90,"f:279:15:279:Infinity":9,"b:281:52:281:Infinity":37,"s:283:25:283:Infinity":91,"b:283:45:283:60:283:60:283:72":38,"s:284:37:284:Infinity":92,"s:285:26:285:Infinity":93,"b:285:52:285:63:285:63:285:Infinity":39,"s:287:4:309:Infinity":94,"s:290:34:292:Infinity":95,"b:291:10:291:Infinity:292:10:292:Infinity":40,"s:295:12:295:Infinity":96,"s:297:6:308:Infinity":97,"b:298:8:307:Infinity:undefined:undefined:undefined:undefined":41,"s:298:8:307:Infinity":98,"b:300:10:305:Infinity:302:17:305:Infinity":42,"s:300:10:305:Infinity":99,"s:301:12:301:Infinity":100,"s:304:12:304:Infinity":101,"s:306:10:306:Infinity":102,"s:312:24:312:Infinity":103,"s:313:4:313:Infinity":104}}}
,"E:\\projects\\js\\svi\\packages\\svi\\tests\\testUtils\\fakeFileSystem\\fakeFsStatResult.ts": {"path":"E:\\projects\\js\\svi\\packages\\svi\\tests\\testUtils\\fakeFileSystem\\fakeFsStatResult.ts","statementMap":{"0":{"start":{"line":8,"column":4},"end":{"line":8,"column":null}},"1":{"start":{"line":9,"column":4},"end":{"line":9,"column":null}},"2":{"start":{"line":12,"column":17},"end":{"line":15,"column":null}},"3":{"start":{"line":14,"column":8},"end":{"line":14,"column":null}},"4":{"start":{"line":16,"column":4},"end":{"line":16,"column":null}},"5":{"start":{"line":23,"column":23},"end":{"line":23,"column":null}},"6":{"start":{"line":24,"column":22},"end":{"line":24,"column":null}},"7":{"start":{"line":26,"column":4},"end":{"line":34,"column":null}},"8":{"start":{"line":28,"column":8},"end":{"line":28,"column":null}},"9":{"start":{"line":32,"column":10},"end":{"line":33,"column":null}},"10":{"start":{"line":38,"column":4},"end":{"line":38,"column":null}}},"fnMap":{"0":{"name":"(anonymous_0)","decl":{"start":{"line":7,"column":2},"end":{"line":7,"column":14}},"loc":{"start":{"line":7,"column":51},"end":{"line":10,"column":null}},"line":7},"1":{"name":"(anonymous_1)","decl":{"start":{"line":11,"column":9},"end":{"line":11,"column":27}},"loc":{"start":{"line":11,"column":27},"end":{"line":17,"column":null}},"line":11},"2":{"name":"(anonymous_2)","decl":{"start":{"line":13,"column":6},"end":{"line":13,"column":7}},"loc":{"start":{"line":14,"column":8},"end":{"line":14,"column":null}},"line":14},"3":{"name":"(anonymous_3)","decl":{"start":{"line":18,"column":9},"end":{"line":18,"column":32}},"loc":{"start":{"line":18,"column":32},"end":{"line":36,"column":null}},"line":18},"4":{"name":"(anonymous_4)","decl":{"start":{"line":27,"column":22},"end":{"line":27,"column":23}},"loc":{"start":{"line":28,"column":8},"end":{"line":28,"column":null}},"line":28},"5":{"name":"(anonymous_5)","decl":{"start":{"line":31,"column":8},"end":{"line":31,"column":9}},"loc":{"start":{"line":32,"column":10},"end":{"line":33,"column":null}},"line":32},"6":{"name":"(anonymous_6)","decl":{"start":{"line":37,"column":10},"end":{"line":37,"column":24}},"loc":{"start":{"line":37,"column":46},"end":{"line":39,"column":null}},"line":37}},"branchMap":{"0":{"loc":{"start":{"line":16,"column":11},"end":{"line":16,"column":null}},"type":"binary-expr","locations":[{"start":{"line":16,"column":11},"end":{"line":16,"column":33}},{"start":{"line":16,"column":33},"end":{"line":16,"column":null}}],"line":16},"1":{"loc":{"start":{"line":24,"column":22},"end":{"line":24,"column":null}},"type":"cond-expr","locations":[{"start":{"line":24,"column":49},"end":{"line":24,"column":62}},{"start":{"line":24,"column":62},"end":{"line":24,"column":null}}],"line":24},"2":{"loc":{"start":{"line":27,"column":6},"end":{"line":34,"column":null}},"type":"binary-expr","locations":[{"start":{"line":27,"column":6},"end":{"line":29,"column":null}},{"start":{"line":30,"column":6},"end":{"line":34,"column":null}}],"line":27},"3":{"loc":{"start":{"line":32,"column":10},"end":{"line":33,"column":null}},"type":"binary-expr","locations":[{"start":{"line":32,"column":10},"end":{"line":32,"column":null}},{"start":{"line":33,"column":10},"end":{"line":33,"column":null}}],"line":32}},"s":{"0":0,"1":0,"2":0,"3":0,"4":0,"5":0,"6":0,"7":0,"8":0,"9":0,"10":0},"f":{"0":0,"1":0,"2":0,"3":0,"4":0,"5":0,"6":0},"b":{"0":[0,0],"1":[0,0],"2":[0,0],"3":[0,0]},"meta":{"lastBranch":4,"lastFunction":7,"lastStatement":11,"seen":{"f:7:2:7:14":0,"s:8:4:8:Infinity":0,"s:9:4:9:Infinity":1,"f:11:9:11:27":1,"s:12:17:15:Infinity":2,"f:13:6:13:7":2,"s:14:8:14:Infinity":3,"s:16:4:16:Infinity":4,"b:16:11:16:33:16:33:16:Infinity":0,"f:18:9:18:32":3,"s:23:23:23:Infinity":5,"s:24:22:24:Infinity":6,"b:24:49:24:62:24:62:24:Infinity":1,"s:26:4:34:Infinity":7,"b:27:6:29:Infinity:30:6:34:Infinity":2,"f:27:22:27:23":4,"s:28:8:28:Infinity":8,"f:31:8:31:9":5,"s:32:10:33:Infinity":9,"b:32:10:32:Infinity:33:10:33:Infinity":3,"f:37:10:37:24":6,"s:38:4:38:Infinity":10}}}
,"E:\\projects\\js\\svi\\packages\\svi\\tests\\testUtils\\fakeFileSystem\\globToRegExp.ts": {"path":"E:\\projects\\js\\svi\\packages\\svi\\tests\\testUtils\\fakeFileSystem\\globToRegExp.ts","statementMap":{"0":{"start":{"line":1,"column":12},"end":{"line":1,"column":null}},"1":{"start":{"line":12,"column":2},"end":{"line":12,"column":null}},"2":{"start":{"line":14,"column":14},"end":{"line":14,"column":null}},"3":{"start":{"line":15,"column":14},"end":{"line":15,"column":null}},"4":{"start":{"line":17,"column":2},"end":{"line":52,"column":null}},"5":{"start":{"line":17,"column":15},"end":{"line":17,"column":18}},"6":{"start":{"line":18,"column":17},"end":{"line":18,"column":null}},"7":{"start":{"line":20,"column":4},"end":{"line":39,"column":null}},"8":{"start":{"line":21,"column":27},"end":{"line":21,"column":null}},"9":{"start":{"line":22,"column":24},"end":{"line":22,"column":null}},"10":{"start":{"line":24,"column":6},"end":{"line":37,"column":null}},"11":{"start":{"line":25,"column":8},"end":{"line":33,"column":null}},"12":{"start":{"line":27,"column":10},"end":{"line":27,"column":null}},"13":{"start":{"line":28,"column":10},"end":{"line":28,"column":null}},"14":{"start":{"line":31,"column":10},"end":{"line":31,"column":null}},"15":{"start":{"line":32,"column":10},"end":{"line":32,"column":null}},"16":{"start":{"line":36,"column":8},"end":{"line":36,"column":null}},"17":{"start":{"line":38,"column":6},"end":{"line":38,"column":null}},"18":{"start":{"line":41,"column":4},"end":{"line":44,"column":null}},"19":{"start":{"line":42,"column":6},"end":{"line":42,"column":null}},"20":{"start":{"line":43,"column":6},"end":{"line":43,"column":null}},"21":{"start":{"line":47,"column":4},"end":{"line":51,"column":null}},"22":{"start":{"line":48,"column":6},"end":{"line":48,"column":null}},"23":{"start":{"line":50,"column":6},"end":{"line":50,"column":null}},"24":{"start":{"line":54,"column":2},"end":{"line":54,"column":null}},"25":{"start":{"line":55,"column":2},"end":{"line":55,"column":null}}},"fnMap":{"0":{"name":"globToRegExp","decl":{"start":{"line":10,"column":16},"end":{"line":10,"column":29}},"loc":{"start":{"line":10,"column":54},"end":{"line":56,"column":null}},"line":10}},"branchMap":{"0":{"loc":{"start":{"line":20,"column":4},"end":{"line":39,"column":null}},"type":"if","locations":[{"start":{"line":20,"column":4},"end":{"line":39,"column":null}},{"start":{},"end":{}}],"line":20},"1":{"loc":{"start":{"line":24,"column":6},"end":{"line":37,"column":null}},"type":"if","locations":[{"start":{"line":24,"column":6},"end":{"line":37,"column":null}},{"start":{"line":34,"column":13},"end":{"line":37,"column":null}}],"line":24},"2":{"loc":{"start":{"line":25,"column":8},"end":{"line":33,"column":null}},"type":"if","locations":[{"start":{"line":25,"column":8},"end":{"line":33,"column":null}},{"start":{"line":29,"column":15},"end":{"line":33,"column":null}}],"line":25},"3":{"loc":{"start":{"line":41,"column":4},"end":{"line":44,"column":null}},"type":"if","locations":[{"start":{"line":41,"column":4},"end":{"line":44,"column":null}},{"start":{},"end":{}}],"line":41},"4":{"loc":{"start":{"line":47,"column":4},"end":{"line":51,"column":null}},"type":"if","locations":[{"start":{"line":47,"column":4},"end":{"line":51,"column":null}},{"start":{"line":49,"column":11},"end":{"line":51,"column":null}}],"line":47}},"s":{"0":1,"1":1,"2":1,"3":1,"4":1,"5":1,"6":10,"7":10,"8":2,"9":2,"10":2,"11":1,"12":1,"13":1,"14":0,"15":0,"16":1,"17":2,"18":8,"19":0,"20":0,"21":8,"22":0,"23":8,"24":1,"25":1},"f":{"0":1},"b":{"0":[2,8],"1":[1,1],"2":[1,0],"3":[0,8],"4":[0,8]},"meta":{"lastBranch":5,"lastFunction":1,"lastStatement":26,"seen":{"s:1:12:1:Infinity":0,"f:10:16:10:29":0,"s:12:2:12:Infinity":1,"s:14:14:14:Infinity":2,"s:15:14:15:Infinity":3,"s:17:2:52:Infinity":4,"s:17:15:17:18":5,"s:18:17:18:Infinity":6,"b:20:4:39:Infinity:undefined:undefined:undefined:undefined":0,"s:20:4:39:Infinity":7,"s:21:27:21:Infinity":8,"s:22:24:22:Infinity":9,"b:24:6:37:Infinity:34:13:37:Infinity":1,"s:24:6:37:Infinity":10,"b:25:8:33:Infinity:29:15:33:Infinity":2,"s:25:8:33:Infinity":11,"s:27:10:27:Infinity":12,"s:28:10:28:Infinity":13,"s:31:10:31:Infinity":14,"s:32:10:32:Infinity":15,"s:36:8:36:Infinity":16,"s:38:6:38:Infinity":17,"b:41:4:44:Infinity:undefined:undefined:undefined:undefined":3,"s:41:4:44:Infinity":18,"s:42:6:42:Infinity":19,"s:43:6:43:Infinity":20,"b:47:4:51:Infinity:49:11:51:Infinity":4,"s:47:4:51:Infinity":21,"s:48:6:48:Infinity":22,"s:50:6:50:Infinity":23,"s:54:2:54:Infinity":24,"s:55:2:55:Infinity":25}}}
}
